[0.071s] DEBUG:colcon:Command line arguments: ['/usr/bin/colcon', 'build', '--event-handlers', 'console_direct+']
[0.071s] DEBUG:colcon:Parsed command line arguments: Namespace(log_base=None, log_level=None, verb_name='build', build_base='build', install_base='install', merge_install=False, symlink_install=False, test_result_base=None, continue_on_error=False, executor='parallel', parallel_workers=20, event_handlers=['console_direct+'], ignore_user_meta=False, metas=['./colcon.meta'], base_paths=['.'], packages_ignore=None, packages_ignore_regex=None, paths=None, packages_up_to=None, packages_up_to_regex=None, packages_above=None, packages_above_and_dependencies=None, packages_above_depth=None, packages_select_by_dep=None, packages_skip_by_dep=None, packages_skip_up_to=None, packages_select_build_failed=False, packages_skip_build_finished=False, packages_select_test_failures=False, packages_skip_test_passed=False, packages_select=None, packages_skip=None, packages_select_regex=None, packages_skip_regex=None, packages_start=None, packages_end=None, allow_overriding=[], cmake_args=None, cmake_target=None, cmake_target_skip_unavailable=False, cmake_clean_cache=False, cmake_clean_first=False, cmake_force_configure=False, ament_cmake_args=None, catkin_cmake_args=None, catkin_skip_building_tests=False, mixin_files=None, mixin=None, verb_parser=<colcon_mixin.mixin.mixin_argument.MixinArgumentDecorator object at 0x7c16b9695a30>, verb_extension=<colcon_core.verb.build.BuildVerb object at 0x7c16b9695850>, main=<bound method BuildVerb.main of <colcon_core.verb.build.BuildVerb object at 0x7c16b9695850>>, mixin_verb=('build',))
[0.097s] Level 1:colcon.colcon_core.package_discovery:discover_packages(colcon_meta) check parameters
[0.097s] Level 1:colcon.colcon_core.package_discovery:discover_packages(recursive) check parameters
[0.097s] Level 1:colcon.colcon_core.package_discovery:discover_packages(ignore) check parameters
[0.097s] Level 1:colcon.colcon_core.package_discovery:discover_packages(path) check parameters
[0.097s] Level 1:colcon.colcon_core.package_discovery:discover_packages(colcon_meta) discover
[0.097s] Level 1:colcon.colcon_core.package_discovery:discover_packages(recursive) discover
[0.097s] INFO:colcon.colcon_core.package_discovery:Crawling recursively for packages in '/home/shoe/Desktop/workspace/observability'
[0.098s] Level 1:colcon.colcon_core.package_identification:_identify(.) by extensions ['ignore', 'ignore_ament_install']
[0.098s] Level 1:colcon.colcon_core.package_identification:_identify(.) by extension 'ignore'
[0.098s] Level 1:colcon.colcon_core.package_identification:_identify(.) by extension 'ignore_ament_install'
[0.098s] Level 1:colcon.colcon_core.package_identification:_identify(.) by extensions ['colcon_pkg']
[0.098s] Level 1:colcon.colcon_core.package_identification:_identify(.) by extension 'colcon_pkg'
[0.098s] Level 1:colcon.colcon_core.package_identification:_identify(.) by extensions ['colcon_meta']
[0.098s] Level 1:colcon.colcon_core.package_identification:_identify(.) by extension 'colcon_meta'
[0.098s] Level 1:colcon.colcon_core.package_identification:_identify(.) by extensions ['ros']
[0.098s] Level 1:colcon.colcon_core.package_identification:_identify(.) by extension 'ros'
[0.116s] Level 1:colcon.colcon_core.package_identification:_identify(.) by extensions ['cmake', 'python']
[0.116s] Level 1:colcon.colcon_core.package_identification:_identify(.) by extension 'cmake'
[0.116s] Level 1:colcon.colcon_core.package_identification:_identify(.) by extension 'python'
[0.116s] Level 1:colcon.colcon_core.package_identification:_identify(.) by extensions ['python_setup_py']
[0.116s] Level 1:colcon.colcon_core.package_identification:_identify(.) by extension 'python_setup_py'
[0.116s] Level 1:colcon.colcon_core.package_identification:_identify(build) by extensions ['ignore', 'ignore_ament_install']
[0.116s] Level 1:colcon.colcon_core.package_identification:_identify(build) by extension 'ignore'
[0.116s] Level 1:colcon.colcon_core.package_identification:_identify(build) ignored
[0.116s] Level 1:colcon.colcon_core.package_identification:_identify(install) by extensions ['ignore', 'ignore_ament_install']
[0.116s] Level 1:colcon.colcon_core.package_identification:_identify(install) by extension 'ignore'
[0.116s] Level 1:colcon.colcon_core.package_identification:_identify(install) ignored
[0.116s] Level 1:colcon.colcon_core.package_identification:_identify(libstat) by extensions ['ignore', 'ignore_ament_install']
[0.116s] Level 1:colcon.colcon_core.package_identification:_identify(libstat) by extension 'ignore'
[0.116s] Level 1:colcon.colcon_core.package_identification:_identify(libstat) by extension 'ignore_ament_install'
[0.116s] Level 1:colcon.colcon_core.package_identification:_identify(libstat) by extensions ['colcon_pkg']
[0.116s] Level 1:colcon.colcon_core.package_identification:_identify(libstat) by extension 'colcon_pkg'
[0.116s] Level 1:colcon.colcon_core.package_identification:_identify(libstat) by extensions ['colcon_meta']
[0.116s] Level 1:colcon.colcon_core.package_identification:_identify(libstat) by extension 'colcon_meta'
[0.116s] Level 1:colcon.colcon_core.package_identification:_identify(libstat) by extensions ['ros']
[0.116s] Level 1:colcon.colcon_core.package_identification:_identify(libstat) by extension 'ros'
[0.116s] Level 1:colcon.colcon_core.package_identification:_identify(libstat) by extensions ['cmake', 'python']
[0.116s] Level 1:colcon.colcon_core.package_identification:_identify(libstat) by extension 'cmake'
[0.116s] Level 1:colcon.colcon_core.package_identification:_identify(libstat) by extension 'python'
[0.116s] Level 1:colcon.colcon_core.package_identification:_identify(libstat) by extensions ['python_setup_py']
[0.116s] Level 1:colcon.colcon_core.package_identification:_identify(libstat) by extension 'python_setup_py'
[0.116s] Level 1:colcon.colcon_core.package_identification:_identify(libstat/out) by extensions ['ignore', 'ignore_ament_install']
[0.117s] Level 1:colcon.colcon_core.package_identification:_identify(libstat/out) by extension 'ignore'
[0.117s] Level 1:colcon.colcon_core.package_identification:_identify(libstat/out) by extension 'ignore_ament_install'
[0.117s] Level 1:colcon.colcon_core.package_identification:_identify(libstat/out) by extensions ['colcon_pkg']
[0.117s] Level 1:colcon.colcon_core.package_identification:_identify(libstat/out) by extension 'colcon_pkg'
[0.117s] Level 1:colcon.colcon_core.package_identification:_identify(libstat/out) by extensions ['colcon_meta']
[0.117s] Level 1:colcon.colcon_core.package_identification:_identify(libstat/out) by extension 'colcon_meta'
[0.117s] Level 1:colcon.colcon_core.package_identification:_identify(libstat/out) by extensions ['ros']
[0.117s] Level 1:colcon.colcon_core.package_identification:_identify(libstat/out) by extension 'ros'
[0.117s] Level 1:colcon.colcon_core.package_identification:_identify(libstat/out) by extensions ['cmake', 'python']
[0.117s] Level 1:colcon.colcon_core.package_identification:_identify(libstat/out) by extension 'cmake'
[0.117s] Level 1:colcon.colcon_core.package_identification:_identify(libstat/out) by extension 'python'
[0.117s] Level 1:colcon.colcon_core.package_identification:_identify(libstat/out) by extensions ['python_setup_py']
[0.117s] Level 1:colcon.colcon_core.package_identification:_identify(libstat/out) by extension 'python_setup_py'
[0.117s] Level 1:colcon.colcon_core.package_identification:_identify(libstat/src) by extensions ['ignore', 'ignore_ament_install']
[0.117s] Level 1:colcon.colcon_core.package_identification:_identify(libstat/src) by extension 'ignore'
[0.117s] Level 1:colcon.colcon_core.package_identification:_identify(libstat/src) by extension 'ignore_ament_install'
[0.117s] Level 1:colcon.colcon_core.package_identification:_identify(libstat/src) by extensions ['colcon_pkg']
[0.117s] Level 1:colcon.colcon_core.package_identification:_identify(libstat/src) by extension 'colcon_pkg'
[0.117s] Level 1:colcon.colcon_core.package_identification:_identify(libstat/src) by extensions ['colcon_meta']
[0.117s] Level 1:colcon.colcon_core.package_identification:_identify(libstat/src) by extension 'colcon_meta'
[0.117s] Level 1:colcon.colcon_core.package_identification:_identify(libstat/src) by extensions ['ros']
[0.117s] Level 1:colcon.colcon_core.package_identification:_identify(libstat/src) by extension 'ros'
[0.117s] Level 1:colcon.colcon_core.package_identification:_identify(libstat/src) by extensions ['cmake', 'python']
[0.117s] Level 1:colcon.colcon_core.package_identification:_identify(libstat/src) by extension 'cmake'
[0.117s] Level 1:colcon.colcon_core.package_identification:_identify(libstat/src) by extension 'python'
[0.117s] Level 1:colcon.colcon_core.package_identification:_identify(libstat/src) by extensions ['python_setup_py']
[0.117s] Level 1:colcon.colcon_core.package_identification:_identify(libstat/src) by extension 'python_setup_py'
[0.117s] Level 1:colcon.colcon_core.package_identification:_identify(libstat/test) by extensions ['ignore', 'ignore_ament_install']
[0.117s] Level 1:colcon.colcon_core.package_identification:_identify(libstat/test) by extension 'ignore'
[0.117s] Level 1:colcon.colcon_core.package_identification:_identify(libstat/test) by extension 'ignore_ament_install'
[0.117s] Level 1:colcon.colcon_core.package_identification:_identify(libstat/test) by extensions ['colcon_pkg']
[0.117s] Level 1:colcon.colcon_core.package_identification:_identify(libstat/test) by extension 'colcon_pkg'
[0.117s] Level 1:colcon.colcon_core.package_identification:_identify(libstat/test) by extensions ['colcon_meta']
[0.117s] Level 1:colcon.colcon_core.package_identification:_identify(libstat/test) by extension 'colcon_meta'
[0.117s] Level 1:colcon.colcon_core.package_identification:_identify(libstat/test) by extensions ['ros']
[0.117s] Level 1:colcon.colcon_core.package_identification:_identify(libstat/test) by extension 'ros'
[0.117s] Level 1:colcon.colcon_core.package_identification:_identify(libstat/test) by extensions ['cmake', 'python']
[0.117s] Level 1:colcon.colcon_core.package_identification:_identify(libstat/test) by extension 'cmake'
[0.117s] Level 1:colcon.colcon_core.package_identification:_identify(libstat/test) by extension 'python'
[0.118s] Level 1:colcon.colcon_core.package_identification:_identify(libstat/test) by extensions ['python_setup_py']
[0.118s] Level 1:colcon.colcon_core.package_identification:_identify(libstat/test) by extension 'python_setup_py'
[0.118s] Level 1:colcon.colcon_core.package_identification:_identify(log) by extensions ['ignore', 'ignore_ament_install']
[0.118s] Level 1:colcon.colcon_core.package_identification:_identify(log) by extension 'ignore'
[0.118s] Level 1:colcon.colcon_core.package_identification:_identify(log) ignored
[0.118s] Level 1:colcon.colcon_core.package_identification:_identify(src) by extensions ['ignore', 'ignore_ament_install']
[0.118s] Level 1:colcon.colcon_core.package_identification:_identify(src) by extension 'ignore'
[0.118s] Level 1:colcon.colcon_core.package_identification:_identify(src) by extension 'ignore_ament_install'
[0.118s] Level 1:colcon.colcon_core.package_identification:_identify(src) by extensions ['colcon_pkg']
[0.118s] Level 1:colcon.colcon_core.package_identification:_identify(src) by extension 'colcon_pkg'
[0.118s] Level 1:colcon.colcon_core.package_identification:_identify(src) by extensions ['colcon_meta']
[0.118s] Level 1:colcon.colcon_core.package_identification:_identify(src) by extension 'colcon_meta'
[0.118s] Level 1:colcon.colcon_core.package_identification:_identify(src) by extensions ['ros']
[0.118s] Level 1:colcon.colcon_core.package_identification:_identify(src) by extension 'ros'
[0.118s] Level 1:colcon.colcon_core.package_identification:_identify(src) by extensions ['cmake', 'python']
[0.118s] Level 1:colcon.colcon_core.package_identification:_identify(src) by extension 'cmake'
[0.118s] Level 1:colcon.colcon_core.package_identification:_identify(src) by extension 'python'
[0.118s] Level 1:colcon.colcon_core.package_identification:_identify(src) by extensions ['python_setup_py']
[0.118s] Level 1:colcon.colcon_core.package_identification:_identify(src) by extension 'python_setup_py'
[0.118s] Level 1:colcon.colcon_core.package_identification:_identify(src/msgs) by extensions ['ignore', 'ignore_ament_install']
[0.118s] Level 1:colcon.colcon_core.package_identification:_identify(src/msgs) by extension 'ignore'
[0.118s] Level 1:colcon.colcon_core.package_identification:_identify(src/msgs) by extension 'ignore_ament_install'
[0.118s] Level 1:colcon.colcon_core.package_identification:_identify(src/msgs) by extensions ['colcon_pkg']
[0.118s] Level 1:colcon.colcon_core.package_identification:_identify(src/msgs) by extension 'colcon_pkg'
[0.118s] Level 1:colcon.colcon_core.package_identification:_identify(src/msgs) by extensions ['colcon_meta']
[0.118s] Level 1:colcon.colcon_core.package_identification:_identify(src/msgs) by extension 'colcon_meta'
[0.118s] Level 1:colcon.colcon_core.package_identification:_identify(src/msgs) by extensions ['ros']
[0.118s] Level 1:colcon.colcon_core.package_identification:_identify(src/msgs) by extension 'ros'
[0.118s] Level 1:colcon.colcon_core.package_identification:_identify(src/msgs) by extensions ['cmake', 'python']
[0.118s] Level 1:colcon.colcon_core.package_identification:_identify(src/msgs) by extension 'cmake'
[0.118s] Level 1:colcon.colcon_core.package_identification:_identify(src/msgs) by extension 'python'
[0.118s] Level 1:colcon.colcon_core.package_identification:_identify(src/msgs) by extensions ['python_setup_py']
[0.118s] Level 1:colcon.colcon_core.package_identification:_identify(src/msgs) by extension 'python_setup_py'
[0.118s] Level 1:colcon.colcon_core.package_identification:_identify(src/msgs/test_msgs) by extensions ['ignore', 'ignore_ament_install']
[0.118s] Level 1:colcon.colcon_core.package_identification:_identify(src/msgs/test_msgs) by extension 'ignore'
[0.119s] Level 1:colcon.colcon_core.package_identification:_identify(src/msgs/test_msgs) by extension 'ignore_ament_install'
[0.119s] Level 1:colcon.colcon_core.package_identification:_identify(src/msgs/test_msgs) by extensions ['colcon_pkg']
[0.119s] Level 1:colcon.colcon_core.package_identification:_identify(src/msgs/test_msgs) by extension 'colcon_pkg'
[0.119s] Level 1:colcon.colcon_core.package_identification:_identify(src/msgs/test_msgs) by extensions ['colcon_meta']
[0.119s] Level 1:colcon.colcon_core.package_identification:_identify(src/msgs/test_msgs) by extension 'colcon_meta'
[0.119s] Level 1:colcon.colcon_core.package_identification:_identify(src/msgs/test_msgs) by extensions ['ros']
[0.119s] Level 1:colcon.colcon_core.package_identification:_identify(src/msgs/test_msgs) by extension 'ros'
[0.120s] DEBUG:colcon.colcon_core.package_identification:Package 'src/msgs/test_msgs' with type 'ros.ament_cmake' and name 'test_msgs'
[0.120s] Level 1:colcon.colcon_core.package_identification:_identify(src/observability_library) by extensions ['ignore', 'ignore_ament_install']
[0.120s] Level 1:colcon.colcon_core.package_identification:_identify(src/observability_library) by extension 'ignore'
[0.120s] Level 1:colcon.colcon_core.package_identification:_identify(src/observability_library) by extension 'ignore_ament_install'
[0.120s] Level 1:colcon.colcon_core.package_identification:_identify(src/observability_library) by extensions ['colcon_pkg']
[0.120s] Level 1:colcon.colcon_core.package_identification:_identify(src/observability_library) by extension 'colcon_pkg'
[0.120s] Level 1:colcon.colcon_core.package_identification:_identify(src/observability_library) by extensions ['colcon_meta']
[0.120s] Level 1:colcon.colcon_core.package_identification:_identify(src/observability_library) by extension 'colcon_meta'
[0.121s] Level 1:colcon.colcon_core.package_identification:_identify(src/observability_library) by extensions ['ros']
[0.121s] Level 1:colcon.colcon_core.package_identification:_identify(src/observability_library) by extension 'ros'
[0.121s] DEBUG:colcon.colcon_core.package_identification:Package 'src/observability_library' with type 'ros.ament_cmake' and name 'observability_library'
[0.121s] Level 1:colcon.colcon_core.package_identification:_identify(src/test_pub_node) by extensions ['ignore', 'ignore_ament_install']
[0.121s] Level 1:colcon.colcon_core.package_identification:_identify(src/test_pub_node) by extension 'ignore'
[0.121s] Level 1:colcon.colcon_core.package_identification:_identify(src/test_pub_node) by extension 'ignore_ament_install'
[0.121s] Level 1:colcon.colcon_core.package_identification:_identify(src/test_pub_node) by extensions ['colcon_pkg']
[0.121s] Level 1:colcon.colcon_core.package_identification:_identify(src/test_pub_node) by extension 'colcon_pkg'
[0.121s] Level 1:colcon.colcon_core.package_identification:_identify(src/test_pub_node) by extensions ['colcon_meta']
[0.121s] Level 1:colcon.colcon_core.package_identification:_identify(src/test_pub_node) by extension 'colcon_meta'
[0.121s] Level 1:colcon.colcon_core.package_identification:_identify(src/test_pub_node) by extensions ['ros']
[0.121s] Level 1:colcon.colcon_core.package_identification:_identify(src/test_pub_node) by extension 'ros'
[0.122s] DEBUG:colcon.colcon_core.package_identification:Package 'src/test_pub_node' with type 'ros.ament_cmake' and name 'test_pub_node'
[0.122s] Level 1:colcon.colcon_core.package_identification:_identify(src/test_sub_node) by extensions ['ignore', 'ignore_ament_install']
[0.122s] Level 1:colcon.colcon_core.package_identification:_identify(src/test_sub_node) by extension 'ignore'
[0.122s] Level 1:colcon.colcon_core.package_identification:_identify(src/test_sub_node) by extension 'ignore_ament_install'
[0.122s] Level 1:colcon.colcon_core.package_identification:_identify(src/test_sub_node) by extensions ['colcon_pkg']
[0.122s] Level 1:colcon.colcon_core.package_identification:_identify(src/test_sub_node) by extension 'colcon_pkg'
[0.122s] Level 1:colcon.colcon_core.package_identification:_identify(src/test_sub_node) by extensions ['colcon_meta']
[0.122s] Level 1:colcon.colcon_core.package_identification:_identify(src/test_sub_node) by extension 'colcon_meta'
[0.122s] Level 1:colcon.colcon_core.package_identification:_identify(src/test_sub_node) by extensions ['ros']
[0.122s] Level 1:colcon.colcon_core.package_identification:_identify(src/test_sub_node) by extension 'ros'
[0.122s] DEBUG:colcon.colcon_core.package_identification:Package 'src/test_sub_node' with type 'ros.ament_cmake' and name 'test_sub_node'
[0.122s] Level 1:colcon.colcon_core.package_discovery:discover_packages(recursive) using defaults
[0.122s] Level 1:colcon.colcon_core.package_discovery:discover_packages(ignore) discover
[0.122s] Level 1:colcon.colcon_core.package_discovery:discover_packages(ignore) using defaults
[0.122s] Level 1:colcon.colcon_core.package_discovery:discover_packages(path) discover
[0.122s] Level 1:colcon.colcon_core.package_discovery:discover_packages(path) using defaults
[0.134s] Level 1:colcon.colcon_core.package_discovery:discover_packages(prefix_path) check parameters
[0.134s] Level 1:colcon.colcon_core.package_discovery:discover_packages(prefix_path) discover
[0.135s] WARNING:colcon.colcon_core.prefix_path.colcon:The path '/home/shoe/Desktop/workspace/observability_poc/install' in the environment variable COLCON_PREFIX_PATH doesn't exist
[0.135s] WARNING:colcon.colcon_ros.prefix_path.ament:The path '/home/shoe/Desktop/workspace/observability_poc/install/test_pub_node' in the environment variable AMENT_PREFIX_PATH doesn't exist
[0.135s] WARNING:colcon.colcon_ros.prefix_path.ament:The path '/home/shoe/Desktop/workspace/observability_poc/install/test_msgs' in the environment variable AMENT_PREFIX_PATH doesn't exist
[0.135s] WARNING:colcon.colcon_ros.prefix_path.ament:The path '/home/shoe/Desktop/workspace/observability_poc/install/observability_library' in the environment variable AMENT_PREFIX_PATH doesn't exist
[0.135s] WARNING:colcon.colcon_ros.prefix_path.catkin:The path '/home/shoe/Desktop/workspace/observability_poc/install/test_pub_node' in the environment variable CMAKE_PREFIX_PATH doesn't exist
[0.135s] WARNING:colcon.colcon_ros.prefix_path.catkin:The path '/home/shoe/Desktop/workspace/observability_poc/install/test_msgs' in the environment variable CMAKE_PREFIX_PATH doesn't exist
[0.135s] WARNING:colcon.colcon_ros.prefix_path.catkin:The path '/home/shoe/Desktop/workspace/observability_poc/install/observability_library' in the environment variable CMAKE_PREFIX_PATH doesn't exist
[0.136s] DEBUG:colcon.colcon_installed_package_information.package_discovery:Found 285 installed packages in /opt/ros/jazzy
[0.137s] Level 1:colcon.colcon_core.package_discovery:discover_packages(prefix_path) using defaults
[0.161s] Level 5:colcon.colcon_core.verb:set package 'observability_library' build argument 'cmake_args' from command line to 'None'
[0.162s] Level 5:colcon.colcon_core.verb:set package 'observability_library' build argument 'cmake_target' from command line to 'None'
[0.162s] Level 5:colcon.colcon_core.verb:set package 'observability_library' build argument 'cmake_target_skip_unavailable' from command line to 'False'
[0.162s] Level 5:colcon.colcon_core.verb:set package 'observability_library' build argument 'cmake_clean_cache' from command line to 'False'
[0.162s] Level 5:colcon.colcon_core.verb:set package 'observability_library' build argument 'cmake_clean_first' from command line to 'False'
[0.162s] Level 5:colcon.colcon_core.verb:set package 'observability_library' build argument 'cmake_force_configure' from command line to 'False'
[0.162s] Level 5:colcon.colcon_core.verb:set package 'observability_library' build argument 'ament_cmake_args' from command line to 'None'
[0.162s] Level 5:colcon.colcon_core.verb:set package 'observability_library' build argument 'catkin_cmake_args' from command line to 'None'
[0.162s] Level 5:colcon.colcon_core.verb:set package 'observability_library' build argument 'catkin_skip_building_tests' from command line to 'False'
[0.162s] DEBUG:colcon.colcon_core.verb:Building package 'observability_library' with the following arguments: {'ament_cmake_args': None, 'build_base': '/home/shoe/Desktop/workspace/observability/build/observability_library', 'catkin_cmake_args': None, 'catkin_skip_building_tests': False, 'cmake_args': None, 'cmake_clean_cache': False, 'cmake_clean_first': False, 'cmake_force_configure': False, 'cmake_target': None, 'cmake_target_skip_unavailable': False, 'install_base': '/home/shoe/Desktop/workspace/observability/install/observability_library', 'merge_install': False, 'path': '/home/shoe/Desktop/workspace/observability/src/observability_library', 'symlink_install': False, 'test_result_base': None}
[0.162s] Level 5:colcon.colcon_core.verb:set package 'test_msgs' build argument 'cmake_args' from command line to 'None'
[0.162s] Level 5:colcon.colcon_core.verb:set package 'test_msgs' build argument 'cmake_target' from command line to 'None'
[0.162s] Level 5:colcon.colcon_core.verb:set package 'test_msgs' build argument 'cmake_target_skip_unavailable' from command line to 'False'
[0.162s] Level 5:colcon.colcon_core.verb:set package 'test_msgs' build argument 'cmake_clean_cache' from command line to 'False'
[0.162s] Level 5:colcon.colcon_core.verb:set package 'test_msgs' build argument 'cmake_clean_first' from command line to 'False'
[0.162s] Level 5:colcon.colcon_core.verb:set package 'test_msgs' build argument 'cmake_force_configure' from command line to 'False'
[0.162s] Level 5:colcon.colcon_core.verb:set package 'test_msgs' build argument 'ament_cmake_args' from command line to 'None'
[0.162s] Level 5:colcon.colcon_core.verb:set package 'test_msgs' build argument 'catkin_cmake_args' from command line to 'None'
[0.162s] Level 5:colcon.colcon_core.verb:set package 'test_msgs' build argument 'catkin_skip_building_tests' from command line to 'False'
[0.162s] DEBUG:colcon.colcon_core.verb:Building package 'test_msgs' with the following arguments: {'ament_cmake_args': None, 'build_base': '/home/shoe/Desktop/workspace/observability/build/test_msgs', 'catkin_cmake_args': None, 'catkin_skip_building_tests': False, 'cmake_args': None, 'cmake_clean_cache': False, 'cmake_clean_first': False, 'cmake_force_configure': False, 'cmake_target': None, 'cmake_target_skip_unavailable': False, 'install_base': '/home/shoe/Desktop/workspace/observability/install/test_msgs', 'merge_install': False, 'path': '/home/shoe/Desktop/workspace/observability/src/msgs/test_msgs', 'symlink_install': False, 'test_result_base': None}
[0.162s] Level 5:colcon.colcon_core.verb:set package 'test_pub_node' build argument 'cmake_args' from command line to 'None'
[0.162s] Level 5:colcon.colcon_core.verb:set package 'test_pub_node' build argument 'cmake_target' from command line to 'None'
[0.162s] Level 5:colcon.colcon_core.verb:set package 'test_pub_node' build argument 'cmake_target_skip_unavailable' from command line to 'False'
[0.162s] Level 5:colcon.colcon_core.verb:set package 'test_pub_node' build argument 'cmake_clean_cache' from command line to 'False'
[0.162s] Level 5:colcon.colcon_core.verb:set package 'test_pub_node' build argument 'cmake_clean_first' from command line to 'False'
[0.162s] Level 5:colcon.colcon_core.verb:set package 'test_pub_node' build argument 'cmake_force_configure' from command line to 'False'
[0.162s] Level 5:colcon.colcon_core.verb:set package 'test_pub_node' build argument 'ament_cmake_args' from command line to 'None'
[0.162s] Level 5:colcon.colcon_core.verb:set package 'test_pub_node' build argument 'catkin_cmake_args' from command line to 'None'
[0.162s] Level 5:colcon.colcon_core.verb:set package 'test_pub_node' build argument 'catkin_skip_building_tests' from command line to 'False'
[0.162s] DEBUG:colcon.colcon_core.verb:Building package 'test_pub_node' with the following arguments: {'ament_cmake_args': None, 'build_base': '/home/shoe/Desktop/workspace/observability/build/test_pub_node', 'catkin_cmake_args': None, 'catkin_skip_building_tests': False, 'cmake_args': None, 'cmake_clean_cache': False, 'cmake_clean_first': False, 'cmake_force_configure': False, 'cmake_target': None, 'cmake_target_skip_unavailable': False, 'install_base': '/home/shoe/Desktop/workspace/observability/install/test_pub_node', 'merge_install': False, 'path': '/home/shoe/Desktop/workspace/observability/src/test_pub_node', 'symlink_install': False, 'test_result_base': None}
[0.163s] Level 5:colcon.colcon_core.verb:set package 'test_sub_node' build argument 'cmake_args' from command line to 'None'
[0.163s] Level 5:colcon.colcon_core.verb:set package 'test_sub_node' build argument 'cmake_target' from command line to 'None'
[0.163s] Level 5:colcon.colcon_core.verb:set package 'test_sub_node' build argument 'cmake_target_skip_unavailable' from command line to 'False'
[0.163s] Level 5:colcon.colcon_core.verb:set package 'test_sub_node' build argument 'cmake_clean_cache' from command line to 'False'
[0.163s] Level 5:colcon.colcon_core.verb:set package 'test_sub_node' build argument 'cmake_clean_first' from command line to 'False'
[0.163s] Level 5:colcon.colcon_core.verb:set package 'test_sub_node' build argument 'cmake_force_configure' from command line to 'False'
[0.163s] Level 5:colcon.colcon_core.verb:set package 'test_sub_node' build argument 'ament_cmake_args' from command line to 'None'
[0.163s] Level 5:colcon.colcon_core.verb:set package 'test_sub_node' build argument 'catkin_cmake_args' from command line to 'None'
[0.163s] Level 5:colcon.colcon_core.verb:set package 'test_sub_node' build argument 'catkin_skip_building_tests' from command line to 'False'
[0.163s] DEBUG:colcon.colcon_core.verb:Building package 'test_sub_node' with the following arguments: {'ament_cmake_args': None, 'build_base': '/home/shoe/Desktop/workspace/observability/build/test_sub_node', 'catkin_cmake_args': None, 'catkin_skip_building_tests': False, 'cmake_args': None, 'cmake_clean_cache': False, 'cmake_clean_first': False, 'cmake_force_configure': False, 'cmake_target': None, 'cmake_target_skip_unavailable': False, 'install_base': '/home/shoe/Desktop/workspace/observability/install/test_sub_node', 'merge_install': False, 'path': '/home/shoe/Desktop/workspace/observability/src/test_sub_node', 'symlink_install': False, 'test_result_base': None}
[0.163s] INFO:colcon.colcon_core.executor:Executing jobs using 'parallel' executor
[0.164s] DEBUG:colcon.colcon_parallel_executor.executor.parallel:run_until_complete
[0.164s] INFO:colcon.colcon_ros.task.ament_cmake.build:Building ROS package in '/home/shoe/Desktop/workspace/observability/src/observability_library' with build type 'ament_cmake'
[0.164s] INFO:colcon.colcon_cmake.task.cmake.build:Building CMake package in '/home/shoe/Desktop/workspace/observability/src/observability_library'
[0.166s] INFO:colcon.colcon_core.plugin_system:Skipping extension 'colcon_core.shell.bat': Not used on non-Windows systems
[0.166s] INFO:colcon.colcon_core.shell:Skip shell extension 'powershell' for command environment: Not usable outside of PowerShell
[0.166s] DEBUG:colcon.colcon_core.shell:Skip shell extension 'dsv' for command environment
[0.168s] INFO:colcon.colcon_ros.task.ament_cmake.build:Building ROS package in '/home/shoe/Desktop/workspace/observability/src/msgs/test_msgs' with build type 'ament_cmake'
[0.168s] INFO:colcon.colcon_cmake.task.cmake.build:Building CMake package in '/home/shoe/Desktop/workspace/observability/src/msgs/test_msgs'
[0.168s] INFO:colcon.colcon_core.shell:Skip shell extension 'powershell' for command environment: Not usable outside of PowerShell
[0.168s] DEBUG:colcon.colcon_core.shell:Skip shell extension 'dsv' for command environment
[0.173s] DEBUG:colcon.colcon_core.event_handler.log_command:Invoking command in '/home/shoe/Desktop/workspace/observability/build/observability_library': CMAKE_PREFIX_PATH=${CMAKE_PREFIX_PATH}:/opt/ros/jazzy DEBUGINFOD_URLS=https://debuginfod.ubuntu.com /usr/bin/cmake /home/shoe/Desktop/workspace/observability/src/observability_library -DCMAKE_INSTALL_PREFIX=/home/shoe/Desktop/workspace/observability/install/observability_library
[0.174s] DEBUG:colcon.colcon_core.event_handler.log_command:Invoking command in '/home/shoe/Desktop/workspace/observability/build/test_msgs': CMAKE_PREFIX_PATH=${CMAKE_PREFIX_PATH}:/opt/ros/jazzy DEBUGINFOD_URLS=https://debuginfod.ubuntu.com /usr/bin/cmake /home/shoe/Desktop/workspace/observability/src/msgs/test_msgs -DCMAKE_INSTALL_PREFIX=/home/shoe/Desktop/workspace/observability/install/test_msgs
[0.987s] DEBUG:colcon.colcon_core.event_handler.log_command:Invoked command in '/home/shoe/Desktop/workspace/observability/build/observability_library' returned '0': CMAKE_PREFIX_PATH=${CMAKE_PREFIX_PATH}:/opt/ros/jazzy DEBUGINFOD_URLS=https://debuginfod.ubuntu.com /usr/bin/cmake /home/shoe/Desktop/workspace/observability/src/observability_library -DCMAKE_INSTALL_PREFIX=/home/shoe/Desktop/workspace/observability/install/observability_library
[0.987s] DEBUG:colcon.colcon_core.event_handler.log_command:Invoking command in '/home/shoe/Desktop/workspace/observability/build/observability_library': CMAKE_PREFIX_PATH=${CMAKE_PREFIX_PATH}:/opt/ros/jazzy DEBUGINFOD_URLS=https://debuginfod.ubuntu.com /usr/bin/cmake --build /home/shoe/Desktop/workspace/observability/build/observability_library -- -j20 -l20
[2.869s] DEBUG:colcon.colcon_core.event_handler.log_command:Invoked command in '/home/shoe/Desktop/workspace/observability/build/test_msgs' returned '0': CMAKE_PREFIX_PATH=${CMAKE_PREFIX_PATH}:/opt/ros/jazzy DEBUGINFOD_URLS=https://debuginfod.ubuntu.com /usr/bin/cmake /home/shoe/Desktop/workspace/observability/src/msgs/test_msgs -DCMAKE_INSTALL_PREFIX=/home/shoe/Desktop/workspace/observability/install/test_msgs
[2.869s] DEBUG:colcon.colcon_core.event_handler.log_command:Invoking command in '/home/shoe/Desktop/workspace/observability/build/test_msgs': CMAKE_PREFIX_PATH=${CMAKE_PREFIX_PATH}:/opt/ros/jazzy DEBUGINFOD_URLS=https://debuginfod.ubuntu.com /usr/bin/cmake --build /home/shoe/Desktop/workspace/observability/build/test_msgs -- -j20 -l20
[3.094s] DEBUG:colcon.colcon_core.event_handler.log_command:Invoked command in '/home/shoe/Desktop/workspace/observability/build/observability_library' returned '0': CMAKE_PREFIX_PATH=${CMAKE_PREFIX_PATH}:/opt/ros/jazzy DEBUGINFOD_URLS=https://debuginfod.ubuntu.com /usr/bin/cmake --build /home/shoe/Desktop/workspace/observability/build/observability_library -- -j20 -l20
[3.103s] DEBUG:colcon.colcon_core.event_handler.log_command:Invoking command in '/home/shoe/Desktop/workspace/observability/build/observability_library': CMAKE_PREFIX_PATH=${CMAKE_PREFIX_PATH}:/opt/ros/jazzy DEBUGINFOD_URLS=https://debuginfod.ubuntu.com /usr/bin/cmake --install /home/shoe/Desktop/workspace/observability/build/observability_library
[3.116s] Level 1:colcon.colcon_core.environment:create_environment_scripts_only(observability_library)
[3.116s] DEBUG:colcon.colcon_core.event_handler.log_command:Invoked command in '/home/shoe/Desktop/workspace/observability/build/observability_library' returned '0': CMAKE_PREFIX_PATH=${CMAKE_PREFIX_PATH}:/opt/ros/jazzy DEBUGINFOD_URLS=https://debuginfod.ubuntu.com /usr/bin/cmake --install /home/shoe/Desktop/workspace/observability/build/observability_library
[3.119s] Level 1:colcon.colcon_core.environment:checking '/home/shoe/Desktop/workspace/observability/install/observability_library' for CMake module files
[3.120s] Level 1:colcon.colcon_core.environment:checking '/home/shoe/Desktop/workspace/observability/install/observability_library' for CMake config files
[3.120s] Level 1:colcon.colcon_core.shell:create_environment_hook('observability_library', 'cmake_prefix_path')
[3.120s] INFO:colcon.colcon_core.shell:Creating environment hook '/home/shoe/Desktop/workspace/observability/install/observability_library/share/observability_library/hook/cmake_prefix_path.ps1'
[3.120s] INFO:colcon.colcon_core.shell:Creating environment descriptor '/home/shoe/Desktop/workspace/observability/install/observability_library/share/observability_library/hook/cmake_prefix_path.dsv'
[3.121s] INFO:colcon.colcon_core.shell:Creating environment hook '/home/shoe/Desktop/workspace/observability/install/observability_library/share/observability_library/hook/cmake_prefix_path.sh'
[3.121s] Level 1:colcon.colcon_core.environment:checking '/home/shoe/Desktop/workspace/observability/install/observability_library/lib'
[3.121s] Level 1:colcon.colcon_core.environment:checking '/home/shoe/Desktop/workspace/observability/install/observability_library/bin'
[3.121s] Level 1:colcon.colcon_core.environment:checking '/home/shoe/Desktop/workspace/observability/install/observability_library/lib/pkgconfig/observability_library.pc'
[3.122s] Level 1:colcon.colcon_core.environment:checking '/home/shoe/Desktop/workspace/observability/install/observability_library/lib/python3.12/site-packages'
[3.122s] Level 1:colcon.colcon_core.environment:checking '/home/shoe/Desktop/workspace/observability/install/observability_library/bin'
[3.122s] INFO:colcon.colcon_core.shell:Creating package script '/home/shoe/Desktop/workspace/observability/install/observability_library/share/observability_library/package.ps1'
[3.122s] INFO:colcon.colcon_core.shell:Creating package descriptor '/home/shoe/Desktop/workspace/observability/install/observability_library/share/observability_library/package.dsv'
[3.123s] INFO:colcon.colcon_core.shell:Creating package script '/home/shoe/Desktop/workspace/observability/install/observability_library/share/observability_library/package.sh'
[3.123s] INFO:colcon.colcon_core.shell:Creating package script '/home/shoe/Desktop/workspace/observability/install/observability_library/share/observability_library/package.bash'
[3.124s] INFO:colcon.colcon_core.shell:Creating package script '/home/shoe/Desktop/workspace/observability/install/observability_library/share/observability_library/package.zsh'
[3.124s] Level 1:colcon.colcon_core.environment:create_file_with_runtime_dependencies(/home/shoe/Desktop/workspace/observability/install/observability_library/share/colcon-core/packages/observability_library)
[3.124s] Level 1:colcon.colcon_core.environment:create_environment_scripts_only(observability_library)
[3.124s] Level 1:colcon.colcon_core.environment:checking '/home/shoe/Desktop/workspace/observability/install/observability_library' for CMake module files
[3.125s] Level 1:colcon.colcon_core.environment:checking '/home/shoe/Desktop/workspace/observability/install/observability_library' for CMake config files
[3.125s] Level 1:colcon.colcon_core.shell:create_environment_hook('observability_library', 'cmake_prefix_path')
[3.125s] INFO:colcon.colcon_core.shell:Creating environment hook '/home/shoe/Desktop/workspace/observability/install/observability_library/share/observability_library/hook/cmake_prefix_path.ps1'
[3.126s] INFO:colcon.colcon_core.shell:Creating environment descriptor '/home/shoe/Desktop/workspace/observability/install/observability_library/share/observability_library/hook/cmake_prefix_path.dsv'
[3.126s] INFO:colcon.colcon_core.shell:Creating environment hook '/home/shoe/Desktop/workspace/observability/install/observability_library/share/observability_library/hook/cmake_prefix_path.sh'
[3.127s] Level 1:colcon.colcon_core.environment:checking '/home/shoe/Desktop/workspace/observability/install/observability_library/lib'
[3.127s] Level 1:colcon.colcon_core.environment:checking '/home/shoe/Desktop/workspace/observability/install/observability_library/bin'
[3.127s] Level 1:colcon.colcon_core.environment:checking '/home/shoe/Desktop/workspace/observability/install/observability_library/lib/pkgconfig/observability_library.pc'
[3.127s] Level 1:colcon.colcon_core.environment:checking '/home/shoe/Desktop/workspace/observability/install/observability_library/lib/python3.12/site-packages'
[3.127s] Level 1:colcon.colcon_core.environment:checking '/home/shoe/Desktop/workspace/observability/install/observability_library/bin'
[3.128s] INFO:colcon.colcon_core.shell:Creating package script '/home/shoe/Desktop/workspace/observability/install/observability_library/share/observability_library/package.ps1'
[3.128s] INFO:colcon.colcon_core.shell:Creating package descriptor '/home/shoe/Desktop/workspace/observability/install/observability_library/share/observability_library/package.dsv'
[3.129s] INFO:colcon.colcon_core.shell:Creating package script '/home/shoe/Desktop/workspace/observability/install/observability_library/share/observability_library/package.sh'
[3.129s] INFO:colcon.colcon_core.shell:Creating package script '/home/shoe/Desktop/workspace/observability/install/observability_library/share/observability_library/package.bash'
[3.129s] INFO:colcon.colcon_core.shell:Creating package script '/home/shoe/Desktop/workspace/observability/install/observability_library/share/observability_library/package.zsh'
[3.129s] Level 1:colcon.colcon_core.environment:create_file_with_runtime_dependencies(/home/shoe/Desktop/workspace/observability/install/observability_library/share/colcon-core/packages/observability_library)
[5.294s] DEBUG:colcon.colcon_core.event_handler.log_command:Invoked command in '/home/shoe/Desktop/workspace/observability/build/test_msgs' returned '0': CMAKE_PREFIX_PATH=${CMAKE_PREFIX_PATH}:/opt/ros/jazzy DEBUGINFOD_URLS=https://debuginfod.ubuntu.com /usr/bin/cmake --build /home/shoe/Desktop/workspace/observability/build/test_msgs -- -j20 -l20
[5.295s] DEBUG:colcon.colcon_core.event_handler.log_command:Invoking command in '/home/shoe/Desktop/workspace/observability/build/test_msgs': CMAKE_PREFIX_PATH=${CMAKE_PREFIX_PATH}:/opt/ros/jazzy DEBUGINFOD_URLS=https://debuginfod.ubuntu.com /usr/bin/cmake --install /home/shoe/Desktop/workspace/observability/build/test_msgs
[5.358s] Level 1:colcon.colcon_core.environment:create_environment_scripts_only(test_msgs)
[5.358s] Level 1:colcon.colcon_core.environment:checking '/home/shoe/Desktop/workspace/observability/install/test_msgs' for CMake module files
[5.359s] DEBUG:colcon.colcon_core.event_handler.log_command:Invoked command in '/home/shoe/Desktop/workspace/observability/build/test_msgs' returned '0': CMAKE_PREFIX_PATH=${CMAKE_PREFIX_PATH}:/opt/ros/jazzy DEBUGINFOD_URLS=https://debuginfod.ubuntu.com /usr/bin/cmake --install /home/shoe/Desktop/workspace/observability/build/test_msgs
[5.359s] Level 1:colcon.colcon_core.environment:checking '/home/shoe/Desktop/workspace/observability/install/test_msgs' for CMake config files
[5.359s] Level 1:colcon.colcon_core.shell:create_environment_hook('test_msgs', 'cmake_prefix_path')
[5.360s] INFO:colcon.colcon_core.shell:Creating environment hook '/home/shoe/Desktop/workspace/observability/install/test_msgs/share/test_msgs/hook/cmake_prefix_path.ps1'
[5.360s] INFO:colcon.colcon_core.shell:Creating environment descriptor '/home/shoe/Desktop/workspace/observability/install/test_msgs/share/test_msgs/hook/cmake_prefix_path.dsv'
[5.360s] INFO:colcon.colcon_core.shell:Creating environment hook '/home/shoe/Desktop/workspace/observability/install/test_msgs/share/test_msgs/hook/cmake_prefix_path.sh'
[5.360s] Level 1:colcon.colcon_core.environment:checking '/home/shoe/Desktop/workspace/observability/install/test_msgs/lib'
[5.360s] Level 1:colcon.colcon_core.shell:create_environment_hook('test_msgs', 'ld_library_path_lib')
[5.361s] INFO:colcon.colcon_core.shell:Creating environment hook '/home/shoe/Desktop/workspace/observability/install/test_msgs/share/test_msgs/hook/ld_library_path_lib.ps1'
[5.361s] INFO:colcon.colcon_core.shell:Creating environment descriptor '/home/shoe/Desktop/workspace/observability/install/test_msgs/share/test_msgs/hook/ld_library_path_lib.dsv'
[5.361s] INFO:colcon.colcon_core.shell:Creating environment hook '/home/shoe/Desktop/workspace/observability/install/test_msgs/share/test_msgs/hook/ld_library_path_lib.sh'
[5.361s] Level 1:colcon.colcon_core.environment:checking '/home/shoe/Desktop/workspace/observability/install/test_msgs/bin'
[5.361s] Level 1:colcon.colcon_core.environment:checking '/home/shoe/Desktop/workspace/observability/install/test_msgs/lib/pkgconfig/test_msgs.pc'
[5.361s] Level 1:colcon.colcon_core.environment:checking '/home/shoe/Desktop/workspace/observability/install/test_msgs/lib/python3.12/site-packages'
[5.362s] Level 1:colcon.colcon_core.shell:create_environment_hook('test_msgs', 'pythonpath')
[5.362s] INFO:colcon.colcon_core.shell:Creating environment hook '/home/shoe/Desktop/workspace/observability/install/test_msgs/share/test_msgs/hook/pythonpath.ps1'
[5.362s] INFO:colcon.colcon_core.shell:Creating environment descriptor '/home/shoe/Desktop/workspace/observability/install/test_msgs/share/test_msgs/hook/pythonpath.dsv'
[5.362s] INFO:colcon.colcon_core.shell:Creating environment hook '/home/shoe/Desktop/workspace/observability/install/test_msgs/share/test_msgs/hook/pythonpath.sh'
[5.362s] Level 1:colcon.colcon_core.environment:checking '/home/shoe/Desktop/workspace/observability/install/test_msgs/bin'
[5.363s] INFO:colcon.colcon_core.shell:Creating package script '/home/shoe/Desktop/workspace/observability/install/test_msgs/share/test_msgs/package.ps1'
[5.363s] INFO:colcon.colcon_core.shell:Creating package descriptor '/home/shoe/Desktop/workspace/observability/install/test_msgs/share/test_msgs/package.dsv'
[5.363s] INFO:colcon.colcon_core.shell:Creating package script '/home/shoe/Desktop/workspace/observability/install/test_msgs/share/test_msgs/package.sh'
[5.364s] INFO:colcon.colcon_core.shell:Creating package script '/home/shoe/Desktop/workspace/observability/install/test_msgs/share/test_msgs/package.bash'
[5.364s] INFO:colcon.colcon_core.shell:Creating package script '/home/shoe/Desktop/workspace/observability/install/test_msgs/share/test_msgs/package.zsh'
[5.364s] Level 1:colcon.colcon_core.environment:create_file_with_runtime_dependencies(/home/shoe/Desktop/workspace/observability/install/test_msgs/share/colcon-core/packages/test_msgs)
[5.365s] Level 1:colcon.colcon_core.environment:create_environment_scripts_only(test_msgs)
[5.365s] Level 1:colcon.colcon_core.environment:checking '/home/shoe/Desktop/workspace/observability/install/test_msgs' for CMake module files
[5.365s] Level 1:colcon.colcon_core.environment:checking '/home/shoe/Desktop/workspace/observability/install/test_msgs' for CMake config files
[5.366s] Level 1:colcon.colcon_core.shell:create_environment_hook('test_msgs', 'cmake_prefix_path')
[5.366s] INFO:colcon.colcon_core.shell:Creating environment hook '/home/shoe/Desktop/workspace/observability/install/test_msgs/share/test_msgs/hook/cmake_prefix_path.ps1'
[5.366s] INFO:colcon.colcon_core.shell:Creating environment descriptor '/home/shoe/Desktop/workspace/observability/install/test_msgs/share/test_msgs/hook/cmake_prefix_path.dsv'
[5.366s] INFO:colcon.colcon_core.shell:Creating environment hook '/home/shoe/Desktop/workspace/observability/install/test_msgs/share/test_msgs/hook/cmake_prefix_path.sh'
[5.367s] Level 1:colcon.colcon_core.environment:checking '/home/shoe/Desktop/workspace/observability/install/test_msgs/lib'
[5.367s] Level 1:colcon.colcon_core.shell:create_environment_hook('test_msgs', 'ld_library_path_lib')
[5.367s] INFO:colcon.colcon_core.shell:Creating environment hook '/home/shoe/Desktop/workspace/observability/install/test_msgs/share/test_msgs/hook/ld_library_path_lib.ps1'
[5.367s] INFO:colcon.colcon_core.shell:Creating environment descriptor '/home/shoe/Desktop/workspace/observability/install/test_msgs/share/test_msgs/hook/ld_library_path_lib.dsv'
[5.367s] INFO:colcon.colcon_core.shell:Creating environment hook '/home/shoe/Desktop/workspace/observability/install/test_msgs/share/test_msgs/hook/ld_library_path_lib.sh'
[5.367s] Level 1:colcon.colcon_core.environment:checking '/home/shoe/Desktop/workspace/observability/install/test_msgs/bin'
[5.368s] Level 1:colcon.colcon_core.environment:checking '/home/shoe/Desktop/workspace/observability/install/test_msgs/lib/pkgconfig/test_msgs.pc'
[5.368s] Level 1:colcon.colcon_core.environment:checking '/home/shoe/Desktop/workspace/observability/install/test_msgs/lib/python3.12/site-packages'
[5.368s] Level 1:colcon.colcon_core.shell:create_environment_hook('test_msgs', 'pythonpath')
[5.368s] INFO:colcon.colcon_core.shell:Creating environment hook '/home/shoe/Desktop/workspace/observability/install/test_msgs/share/test_msgs/hook/pythonpath.ps1'
[5.368s] INFO:colcon.colcon_core.shell:Creating environment descriptor '/home/shoe/Desktop/workspace/observability/install/test_msgs/share/test_msgs/hook/pythonpath.dsv'
[5.368s] INFO:colcon.colcon_core.shell:Creating environment hook '/home/shoe/Desktop/workspace/observability/install/test_msgs/share/test_msgs/hook/pythonpath.sh'
[5.369s] Level 1:colcon.colcon_core.environment:checking '/home/shoe/Desktop/workspace/observability/install/test_msgs/bin'
[5.369s] INFO:colcon.colcon_core.shell:Creating package script '/home/shoe/Desktop/workspace/observability/install/test_msgs/share/test_msgs/package.ps1'
[5.369s] INFO:colcon.colcon_core.shell:Creating package descriptor '/home/shoe/Desktop/workspace/observability/install/test_msgs/share/test_msgs/package.dsv'
[5.369s] INFO:colcon.colcon_core.shell:Creating package script '/home/shoe/Desktop/workspace/observability/install/test_msgs/share/test_msgs/package.sh'
[5.370s] INFO:colcon.colcon_core.shell:Creating package script '/home/shoe/Desktop/workspace/observability/install/test_msgs/share/test_msgs/package.bash'
[5.370s] INFO:colcon.colcon_core.shell:Creating package script '/home/shoe/Desktop/workspace/observability/install/test_msgs/share/test_msgs/package.zsh'
[5.370s] Level 1:colcon.colcon_core.environment:create_file_with_runtime_dependencies(/home/shoe/Desktop/workspace/observability/install/test_msgs/share/colcon-core/packages/test_msgs)
[5.370s] INFO:colcon.colcon_ros.task.ament_cmake.build:Building ROS package in '/home/shoe/Desktop/workspace/observability/src/test_pub_node' with build type 'ament_cmake'
[5.370s] INFO:colcon.colcon_cmake.task.cmake.build:Building CMake package in '/home/shoe/Desktop/workspace/observability/src/test_pub_node'
[5.370s] INFO:colcon.colcon_core.shell:Skip shell extension 'powershell' for command environment: Not usable outside of PowerShell
[5.370s] DEBUG:colcon.colcon_core.shell:Skip shell extension 'dsv' for command environment
[5.373s] INFO:colcon.colcon_ros.task.ament_cmake.build:Building ROS package in '/home/shoe/Desktop/workspace/observability/src/test_sub_node' with build type 'ament_cmake'
[5.374s] INFO:colcon.colcon_cmake.task.cmake.build:Building CMake package in '/home/shoe/Desktop/workspace/observability/src/test_sub_node'
[5.374s] INFO:colcon.colcon_core.shell:Skip shell extension 'powershell' for command environment: Not usable outside of PowerShell
[5.374s] DEBUG:colcon.colcon_core.shell:Skip shell extension 'dsv' for command environment
[5.382s] DEBUG:colcon.colcon_core.event_handler.log_command:Invoking command in '/home/shoe/Desktop/workspace/observability/build/test_pub_node': AMENT_PREFIX_PATH=/home/shoe/Desktop/workspace/observability/install/test_msgs:/home/shoe/Desktop/workspace/observability/install/observability_library:${AMENT_PREFIX_PATH} CMAKE_PREFIX_PATH=/home/shoe/Desktop/workspace/observability/install/test_msgs:/home/shoe/Desktop/workspace/observability/install/observability_library:/home/shoe/Desktop/workspace/observability_poc/install/test_pub_node:/home/shoe/Desktop/workspace/observability_poc/install/test_msgs:/home/shoe/Desktop/workspace/observability_poc/install/observability_library:/opt/ros/jazzy/opt/gz_math_vendor:/opt/ros/jazzy/opt/gz_utils_vendor:/opt/ros/jazzy/opt/gz_cmake_vendor:/opt/ros/jazzy DEBUGINFOD_URLS=https://debuginfod.ubuntu.com LD_LIBRARY_PATH=/home/shoe/Desktop/workspace/observability/install/test_msgs/lib:/home/shoe/Desktop/workspace/observability/install/observability_library/lib:${LD_LIBRARY_PATH} PYTHONPATH=/home/shoe/Desktop/workspace/observability/install/test_msgs/lib/python3.12/site-packages:${PYTHONPATH} /usr/bin/cmake /home/shoe/Desktop/workspace/observability/src/test_pub_node -DCMAKE_INSTALL_PREFIX=/home/shoe/Desktop/workspace/observability/install/test_pub_node
[5.385s] DEBUG:colcon.colcon_core.event_handler.log_command:Invoking command in '/home/shoe/Desktop/workspace/observability/build/test_sub_node': AMENT_PREFIX_PATH=/home/shoe/Desktop/workspace/observability/install/test_msgs:/home/shoe/Desktop/workspace/observability/install/observability_library:${AMENT_PREFIX_PATH} CMAKE_PREFIX_PATH=/home/shoe/Desktop/workspace/observability/install/test_msgs:/home/shoe/Desktop/workspace/observability/install/observability_library:/home/shoe/Desktop/workspace/observability_poc/install/test_pub_node:/home/shoe/Desktop/workspace/observability_poc/install/test_msgs:/home/shoe/Desktop/workspace/observability_poc/install/observability_library:/opt/ros/jazzy/opt/gz_math_vendor:/opt/ros/jazzy/opt/gz_utils_vendor:/opt/ros/jazzy/opt/gz_cmake_vendor:/opt/ros/jazzy DEBUGINFOD_URLS=https://debuginfod.ubuntu.com LD_LIBRARY_PATH=/home/shoe/Desktop/workspace/observability/install/test_msgs/lib:/home/shoe/Desktop/workspace/observability/install/observability_library/lib:${LD_LIBRARY_PATH} PYTHONPATH=/home/shoe/Desktop/workspace/observability/install/test_msgs/lib/python3.12/site-packages:${PYTHONPATH} /usr/bin/cmake /home/shoe/Desktop/workspace/observability/src/test_sub_node -DCMAKE_INSTALL_PREFIX=/home/shoe/Desktop/workspace/observability/install/test_sub_node
[6.240s] DEBUG:colcon.colcon_core.event_handler.log_command:Invoked command in '/home/shoe/Desktop/workspace/observability/build/test_pub_node' returned '0': AMENT_PREFIX_PATH=/home/shoe/Desktop/workspace/observability/install/test_msgs:/home/shoe/Desktop/workspace/observability/install/observability_library:${AMENT_PREFIX_PATH} CMAKE_PREFIX_PATH=/home/shoe/Desktop/workspace/observability/install/test_msgs:/home/shoe/Desktop/workspace/observability/install/observability_library:/home/shoe/Desktop/workspace/observability_poc/install/test_pub_node:/home/shoe/Desktop/workspace/observability_poc/install/test_msgs:/home/shoe/Desktop/workspace/observability_poc/install/observability_library:/opt/ros/jazzy/opt/gz_math_vendor:/opt/ros/jazzy/opt/gz_utils_vendor:/opt/ros/jazzy/opt/gz_cmake_vendor:/opt/ros/jazzy DEBUGINFOD_URLS=https://debuginfod.ubuntu.com LD_LIBRARY_PATH=/home/shoe/Desktop/workspace/observability/install/test_msgs/lib:/home/shoe/Desktop/workspace/observability/install/observability_library/lib:${LD_LIBRARY_PATH} PYTHONPATH=/home/shoe/Desktop/workspace/observability/install/test_msgs/lib/python3.12/site-packages:${PYTHONPATH} /usr/bin/cmake /home/shoe/Desktop/workspace/observability/src/test_pub_node -DCMAKE_INSTALL_PREFIX=/home/shoe/Desktop/workspace/observability/install/test_pub_node
[6.241s] DEBUG:colcon.colcon_core.event_handler.log_command:Invoking command in '/home/shoe/Desktop/workspace/observability/build/test_pub_node': AMENT_PREFIX_PATH=/home/shoe/Desktop/workspace/observability/install/test_msgs:/home/shoe/Desktop/workspace/observability/install/observability_library:${AMENT_PREFIX_PATH} CMAKE_PREFIX_PATH=/home/shoe/Desktop/workspace/observability/install/test_msgs:/home/shoe/Desktop/workspace/observability/install/observability_library:/home/shoe/Desktop/workspace/observability_poc/install/test_pub_node:/home/shoe/Desktop/workspace/observability_poc/install/test_msgs:/home/shoe/Desktop/workspace/observability_poc/install/observability_library:/opt/ros/jazzy/opt/gz_math_vendor:/opt/ros/jazzy/opt/gz_utils_vendor:/opt/ros/jazzy/opt/gz_cmake_vendor:/opt/ros/jazzy DEBUGINFOD_URLS=https://debuginfod.ubuntu.com LD_LIBRARY_PATH=/home/shoe/Desktop/workspace/observability/install/test_msgs/lib:/home/shoe/Desktop/workspace/observability/install/observability_library/lib:${LD_LIBRARY_PATH} PYTHONPATH=/home/shoe/Desktop/workspace/observability/install/test_msgs/lib/python3.12/site-packages:${PYTHONPATH} /usr/bin/cmake --build /home/shoe/Desktop/workspace/observability/build/test_pub_node -- -j20 -l20
[6.244s] DEBUG:colcon.colcon_core.event_handler.log_command:Invoked command in '/home/shoe/Desktop/workspace/observability/build/test_sub_node' returned '0': AMENT_PREFIX_PATH=/home/shoe/Desktop/workspace/observability/install/test_msgs:/home/shoe/Desktop/workspace/observability/install/observability_library:${AMENT_PREFIX_PATH} CMAKE_PREFIX_PATH=/home/shoe/Desktop/workspace/observability/install/test_msgs:/home/shoe/Desktop/workspace/observability/install/observability_library:/home/shoe/Desktop/workspace/observability_poc/install/test_pub_node:/home/shoe/Desktop/workspace/observability_poc/install/test_msgs:/home/shoe/Desktop/workspace/observability_poc/install/observability_library:/opt/ros/jazzy/opt/gz_math_vendor:/opt/ros/jazzy/opt/gz_utils_vendor:/opt/ros/jazzy/opt/gz_cmake_vendor:/opt/ros/jazzy DEBUGINFOD_URLS=https://debuginfod.ubuntu.com LD_LIBRARY_PATH=/home/shoe/Desktop/workspace/observability/install/test_msgs/lib:/home/shoe/Desktop/workspace/observability/install/observability_library/lib:${LD_LIBRARY_PATH} PYTHONPATH=/home/shoe/Desktop/workspace/observability/install/test_msgs/lib/python3.12/site-packages:${PYTHONPATH} /usr/bin/cmake /home/shoe/Desktop/workspace/observability/src/test_sub_node -DCMAKE_INSTALL_PREFIX=/home/shoe/Desktop/workspace/observability/install/test_sub_node
[6.246s] DEBUG:colcon.colcon_core.event_handler.log_command:Invoking command in '/home/shoe/Desktop/workspace/observability/build/test_sub_node': AMENT_PREFIX_PATH=/home/shoe/Desktop/workspace/observability/install/test_msgs:/home/shoe/Desktop/workspace/observability/install/observability_library:${AMENT_PREFIX_PATH} CMAKE_PREFIX_PATH=/home/shoe/Desktop/workspace/observability/install/test_msgs:/home/shoe/Desktop/workspace/observability/install/observability_library:/home/shoe/Desktop/workspace/observability_poc/install/test_pub_node:/home/shoe/Desktop/workspace/observability_poc/install/test_msgs:/home/shoe/Desktop/workspace/observability_poc/install/observability_library:/opt/ros/jazzy/opt/gz_math_vendor:/opt/ros/jazzy/opt/gz_utils_vendor:/opt/ros/jazzy/opt/gz_cmake_vendor:/opt/ros/jazzy DEBUGINFOD_URLS=https://debuginfod.ubuntu.com LD_LIBRARY_PATH=/home/shoe/Desktop/workspace/observability/install/test_msgs/lib:/home/shoe/Desktop/workspace/observability/install/observability_library/lib:${LD_LIBRARY_PATH} PYTHONPATH=/home/shoe/Desktop/workspace/observability/install/test_msgs/lib/python3.12/site-packages:${PYTHONPATH} /usr/bin/cmake --build /home/shoe/Desktop/workspace/observability/build/test_sub_node -- -j20 -l20
[10.583s] DEBUG:colcon.colcon_core.event_handler.log_command:Invoked command in '/home/shoe/Desktop/workspace/observability/build/test_pub_node' returned '0': AMENT_PREFIX_PATH=/home/shoe/Desktop/workspace/observability/install/test_msgs:/home/shoe/Desktop/workspace/observability/install/observability_library:${AMENT_PREFIX_PATH} CMAKE_PREFIX_PATH=/home/shoe/Desktop/workspace/observability/install/test_msgs:/home/shoe/Desktop/workspace/observability/install/observability_library:/home/shoe/Desktop/workspace/observability_poc/install/test_pub_node:/home/shoe/Desktop/workspace/observability_poc/install/test_msgs:/home/shoe/Desktop/workspace/observability_poc/install/observability_library:/opt/ros/jazzy/opt/gz_math_vendor:/opt/ros/jazzy/opt/gz_utils_vendor:/opt/ros/jazzy/opt/gz_cmake_vendor:/opt/ros/jazzy DEBUGINFOD_URLS=https://debuginfod.ubuntu.com LD_LIBRARY_PATH=/home/shoe/Desktop/workspace/observability/install/test_msgs/lib:/home/shoe/Desktop/workspace/observability/install/observability_library/lib:${LD_LIBRARY_PATH} PYTHONPATH=/home/shoe/Desktop/workspace/observability/install/test_msgs/lib/python3.12/site-packages:${PYTHONPATH} /usr/bin/cmake --build /home/shoe/Desktop/workspace/observability/build/test_pub_node -- -j20 -l20
[10.584s] DEBUG:colcon.colcon_core.event_handler.log_command:Invoking command in '/home/shoe/Desktop/workspace/observability/build/test_pub_node': AMENT_PREFIX_PATH=/home/shoe/Desktop/workspace/observability/install/test_msgs:/home/shoe/Desktop/workspace/observability/install/observability_library:${AMENT_PREFIX_PATH} CMAKE_PREFIX_PATH=/home/shoe/Desktop/workspace/observability/install/test_msgs:/home/shoe/Desktop/workspace/observability/install/observability_library:/home/shoe/Desktop/workspace/observability_poc/install/test_pub_node:/home/shoe/Desktop/workspace/observability_poc/install/test_msgs:/home/shoe/Desktop/workspace/observability_poc/install/observability_library:/opt/ros/jazzy/opt/gz_math_vendor:/opt/ros/jazzy/opt/gz_utils_vendor:/opt/ros/jazzy/opt/gz_cmake_vendor:/opt/ros/jazzy DEBUGINFOD_URLS=https://debuginfod.ubuntu.com LD_LIBRARY_PATH=/home/shoe/Desktop/workspace/observability/install/test_msgs/lib:/home/shoe/Desktop/workspace/observability/install/observability_library/lib:${LD_LIBRARY_PATH} PYTHONPATH=/home/shoe/Desktop/workspace/observability/install/test_msgs/lib/python3.12/site-packages:${PYTHONPATH} /usr/bin/cmake --install /home/shoe/Desktop/workspace/observability/build/test_pub_node
[10.596s] Level 1:colcon.colcon_core.environment:create_environment_scripts_only(test_pub_node)
[10.597s] Level 1:colcon.colcon_core.environment:checking '/home/shoe/Desktop/workspace/observability/install/test_pub_node' for CMake module files
[10.597s] DEBUG:colcon.colcon_core.event_handler.log_command:Invoked command in '/home/shoe/Desktop/workspace/observability/build/test_pub_node' returned '0': AMENT_PREFIX_PATH=/home/shoe/Desktop/workspace/observability/install/test_msgs:/home/shoe/Desktop/workspace/observability/install/observability_library:${AMENT_PREFIX_PATH} CMAKE_PREFIX_PATH=/home/shoe/Desktop/workspace/observability/install/test_msgs:/home/shoe/Desktop/workspace/observability/install/observability_library:/home/shoe/Desktop/workspace/observability_poc/install/test_pub_node:/home/shoe/Desktop/workspace/observability_poc/install/test_msgs:/home/shoe/Desktop/workspace/observability_poc/install/observability_library:/opt/ros/jazzy/opt/gz_math_vendor:/opt/ros/jazzy/opt/gz_utils_vendor:/opt/ros/jazzy/opt/gz_cmake_vendor:/opt/ros/jazzy DEBUGINFOD_URLS=https://debuginfod.ubuntu.com LD_LIBRARY_PATH=/home/shoe/Desktop/workspace/observability/install/test_msgs/lib:/home/shoe/Desktop/workspace/observability/install/observability_library/lib:${LD_LIBRARY_PATH} PYTHONPATH=/home/shoe/Desktop/workspace/observability/install/test_msgs/lib/python3.12/site-packages:${PYTHONPATH} /usr/bin/cmake --install /home/shoe/Desktop/workspace/observability/build/test_pub_node
[10.597s] Level 1:colcon.colcon_core.environment:checking '/home/shoe/Desktop/workspace/observability/install/test_pub_node' for CMake config files
[10.598s] Level 1:colcon.colcon_core.shell:create_environment_hook('test_pub_node', 'cmake_prefix_path')
[10.598s] INFO:colcon.colcon_core.shell:Creating environment hook '/home/shoe/Desktop/workspace/observability/install/test_pub_node/share/test_pub_node/hook/cmake_prefix_path.ps1'
[10.598s] INFO:colcon.colcon_core.shell:Creating environment descriptor '/home/shoe/Desktop/workspace/observability/install/test_pub_node/share/test_pub_node/hook/cmake_prefix_path.dsv'
[10.598s] INFO:colcon.colcon_core.shell:Creating environment hook '/home/shoe/Desktop/workspace/observability/install/test_pub_node/share/test_pub_node/hook/cmake_prefix_path.sh'
[10.599s] Level 1:colcon.colcon_core.environment:checking '/home/shoe/Desktop/workspace/observability/install/test_pub_node/lib'
[10.599s] Level 1:colcon.colcon_core.environment:checking '/home/shoe/Desktop/workspace/observability/install/test_pub_node/bin'
[10.599s] Level 1:colcon.colcon_core.environment:checking '/home/shoe/Desktop/workspace/observability/install/test_pub_node/lib/pkgconfig/test_pub_node.pc'
[10.599s] Level 1:colcon.colcon_core.environment:checking '/home/shoe/Desktop/workspace/observability/install/test_pub_node/lib/python3.12/site-packages'
[10.599s] Level 1:colcon.colcon_core.environment:checking '/home/shoe/Desktop/workspace/observability/install/test_pub_node/bin'
[10.599s] INFO:colcon.colcon_core.shell:Creating package script '/home/shoe/Desktop/workspace/observability/install/test_pub_node/share/test_pub_node/package.ps1'
[10.599s] INFO:colcon.colcon_core.shell:Creating package descriptor '/home/shoe/Desktop/workspace/observability/install/test_pub_node/share/test_pub_node/package.dsv'
[10.600s] INFO:colcon.colcon_core.shell:Creating package script '/home/shoe/Desktop/workspace/observability/install/test_pub_node/share/test_pub_node/package.sh'
[10.600s] INFO:colcon.colcon_core.shell:Creating package script '/home/shoe/Desktop/workspace/observability/install/test_pub_node/share/test_pub_node/package.bash'
[10.600s] INFO:colcon.colcon_core.shell:Creating package script '/home/shoe/Desktop/workspace/observability/install/test_pub_node/share/test_pub_node/package.zsh'
[10.600s] Level 1:colcon.colcon_core.environment:create_file_with_runtime_dependencies(/home/shoe/Desktop/workspace/observability/install/test_pub_node/share/colcon-core/packages/test_pub_node)
[10.601s] Level 1:colcon.colcon_core.environment:create_environment_scripts_only(test_pub_node)
[10.601s] Level 1:colcon.colcon_core.environment:checking '/home/shoe/Desktop/workspace/observability/install/test_pub_node' for CMake module files
[10.601s] Level 1:colcon.colcon_core.environment:checking '/home/shoe/Desktop/workspace/observability/install/test_pub_node' for CMake config files
[10.601s] Level 1:colcon.colcon_core.shell:create_environment_hook('test_pub_node', 'cmake_prefix_path')
[10.601s] INFO:colcon.colcon_core.shell:Creating environment hook '/home/shoe/Desktop/workspace/observability/install/test_pub_node/share/test_pub_node/hook/cmake_prefix_path.ps1'
[10.602s] INFO:colcon.colcon_core.shell:Creating environment descriptor '/home/shoe/Desktop/workspace/observability/install/test_pub_node/share/test_pub_node/hook/cmake_prefix_path.dsv'
[10.602s] INFO:colcon.colcon_core.shell:Creating environment hook '/home/shoe/Desktop/workspace/observability/install/test_pub_node/share/test_pub_node/hook/cmake_prefix_path.sh'
[10.602s] Level 1:colcon.colcon_core.environment:checking '/home/shoe/Desktop/workspace/observability/install/test_pub_node/lib'
[10.602s] Level 1:colcon.colcon_core.environment:checking '/home/shoe/Desktop/workspace/observability/install/test_pub_node/bin'
[10.602s] Level 1:colcon.colcon_core.environment:checking '/home/shoe/Desktop/workspace/observability/install/test_pub_node/lib/pkgconfig/test_pub_node.pc'
[10.602s] Level 1:colcon.colcon_core.environment:checking '/home/shoe/Desktop/workspace/observability/install/test_pub_node/lib/python3.12/site-packages'
[10.603s] Level 1:colcon.colcon_core.environment:checking '/home/shoe/Desktop/workspace/observability/install/test_pub_node/bin'
[10.603s] INFO:colcon.colcon_core.shell:Creating package script '/home/shoe/Desktop/workspace/observability/install/test_pub_node/share/test_pub_node/package.ps1'
[10.603s] INFO:colcon.colcon_core.shell:Creating package descriptor '/home/shoe/Desktop/workspace/observability/install/test_pub_node/share/test_pub_node/package.dsv'
[10.604s] INFO:colcon.colcon_core.shell:Creating package script '/home/shoe/Desktop/workspace/observability/install/test_pub_node/share/test_pub_node/package.sh'
[10.604s] INFO:colcon.colcon_core.shell:Creating package script '/home/shoe/Desktop/workspace/observability/install/test_pub_node/share/test_pub_node/package.bash'
[10.605s] INFO:colcon.colcon_core.shell:Creating package script '/home/shoe/Desktop/workspace/observability/install/test_pub_node/share/test_pub_node/package.zsh'
[10.605s] Level 1:colcon.colcon_core.environment:create_file_with_runtime_dependencies(/home/shoe/Desktop/workspace/observability/install/test_pub_node/share/colcon-core/packages/test_pub_node)
[13.721s] DEBUG:colcon.colcon_core.event_handler.log_command:Invoked command in '/home/shoe/Desktop/workspace/observability/build/test_sub_node' returned '0': AMENT_PREFIX_PATH=/home/shoe/Desktop/workspace/observability/install/test_msgs:/home/shoe/Desktop/workspace/observability/install/observability_library:${AMENT_PREFIX_PATH} CMAKE_PREFIX_PATH=/home/shoe/Desktop/workspace/observability/install/test_msgs:/home/shoe/Desktop/workspace/observability/install/observability_library:/home/shoe/Desktop/workspace/observability_poc/install/test_pub_node:/home/shoe/Desktop/workspace/observability_poc/install/test_msgs:/home/shoe/Desktop/workspace/observability_poc/install/observability_library:/opt/ros/jazzy/opt/gz_math_vendor:/opt/ros/jazzy/opt/gz_utils_vendor:/opt/ros/jazzy/opt/gz_cmake_vendor:/opt/ros/jazzy DEBUGINFOD_URLS=https://debuginfod.ubuntu.com LD_LIBRARY_PATH=/home/shoe/Desktop/workspace/observability/install/test_msgs/lib:/home/shoe/Desktop/workspace/observability/install/observability_library/lib:${LD_LIBRARY_PATH} PYTHONPATH=/home/shoe/Desktop/workspace/observability/install/test_msgs/lib/python3.12/site-packages:${PYTHONPATH} /usr/bin/cmake --build /home/shoe/Desktop/workspace/observability/build/test_sub_node -- -j20 -l20
[13.721s] DEBUG:colcon.colcon_core.event_handler.log_command:Invoking command in '/home/shoe/Desktop/workspace/observability/build/test_sub_node': AMENT_PREFIX_PATH=/home/shoe/Desktop/workspace/observability/install/test_msgs:/home/shoe/Desktop/workspace/observability/install/observability_library:${AMENT_PREFIX_PATH} CMAKE_PREFIX_PATH=/home/shoe/Desktop/workspace/observability/install/test_msgs:/home/shoe/Desktop/workspace/observability/install/observability_library:/home/shoe/Desktop/workspace/observability_poc/install/test_pub_node:/home/shoe/Desktop/workspace/observability_poc/install/test_msgs:/home/shoe/Desktop/workspace/observability_poc/install/observability_library:/opt/ros/jazzy/opt/gz_math_vendor:/opt/ros/jazzy/opt/gz_utils_vendor:/opt/ros/jazzy/opt/gz_cmake_vendor:/opt/ros/jazzy DEBUGINFOD_URLS=https://debuginfod.ubuntu.com LD_LIBRARY_PATH=/home/shoe/Desktop/workspace/observability/install/test_msgs/lib:/home/shoe/Desktop/workspace/observability/install/observability_library/lib:${LD_LIBRARY_PATH} PYTHONPATH=/home/shoe/Desktop/workspace/observability/install/test_msgs/lib/python3.12/site-packages:${PYTHONPATH} /usr/bin/cmake --install /home/shoe/Desktop/workspace/observability/build/test_sub_node
[13.735s] Level 1:colcon.colcon_core.environment:create_environment_scripts_only(test_sub_node)
[13.736s] DEBUG:colcon.colcon_core.event_handler.log_command:Invoked command in '/home/shoe/Desktop/workspace/observability/build/test_sub_node' returned '0': AMENT_PREFIX_PATH=/home/shoe/Desktop/workspace/observability/install/test_msgs:/home/shoe/Desktop/workspace/observability/install/observability_library:${AMENT_PREFIX_PATH} CMAKE_PREFIX_PATH=/home/shoe/Desktop/workspace/observability/install/test_msgs:/home/shoe/Desktop/workspace/observability/install/observability_library:/home/shoe/Desktop/workspace/observability_poc/install/test_pub_node:/home/shoe/Desktop/workspace/observability_poc/install/test_msgs:/home/shoe/Desktop/workspace/observability_poc/install/observability_library:/opt/ros/jazzy/opt/gz_math_vendor:/opt/ros/jazzy/opt/gz_utils_vendor:/opt/ros/jazzy/opt/gz_cmake_vendor:/opt/ros/jazzy DEBUGINFOD_URLS=https://debuginfod.ubuntu.com LD_LIBRARY_PATH=/home/shoe/Desktop/workspace/observability/install/test_msgs/lib:/home/shoe/Desktop/workspace/observability/install/observability_library/lib:${LD_LIBRARY_PATH} PYTHONPATH=/home/shoe/Desktop/workspace/observability/install/test_msgs/lib/python3.12/site-packages:${PYTHONPATH} /usr/bin/cmake --install /home/shoe/Desktop/workspace/observability/build/test_sub_node
[13.736s] Level 1:colcon.colcon_core.environment:checking '/home/shoe/Desktop/workspace/observability/install/test_sub_node' for CMake module files
[13.736s] Level 1:colcon.colcon_core.environment:checking '/home/shoe/Desktop/workspace/observability/install/test_sub_node' for CMake config files
[13.736s] Level 1:colcon.colcon_core.shell:create_environment_hook('test_sub_node', 'cmake_prefix_path')
[13.736s] INFO:colcon.colcon_core.shell:Creating environment hook '/home/shoe/Desktop/workspace/observability/install/test_sub_node/share/test_sub_node/hook/cmake_prefix_path.ps1'
[13.737s] INFO:colcon.colcon_core.shell:Creating environment descriptor '/home/shoe/Desktop/workspace/observability/install/test_sub_node/share/test_sub_node/hook/cmake_prefix_path.dsv'
[13.737s] INFO:colcon.colcon_core.shell:Creating environment hook '/home/shoe/Desktop/workspace/observability/install/test_sub_node/share/test_sub_node/hook/cmake_prefix_path.sh'
[13.737s] Level 1:colcon.colcon_core.environment:checking '/home/shoe/Desktop/workspace/observability/install/test_sub_node/lib'
[13.737s] Level 1:colcon.colcon_core.environment:checking '/home/shoe/Desktop/workspace/observability/install/test_sub_node/bin'
[13.737s] Level 1:colcon.colcon_core.environment:checking '/home/shoe/Desktop/workspace/observability/install/test_sub_node/lib/pkgconfig/test_sub_node.pc'
[13.738s] Level 1:colcon.colcon_core.environment:checking '/home/shoe/Desktop/workspace/observability/install/test_sub_node/lib/python3.12/site-packages'
[13.738s] Level 1:colcon.colcon_core.environment:checking '/home/shoe/Desktop/workspace/observability/install/test_sub_node/bin'
[13.738s] INFO:colcon.colcon_core.shell:Creating package script '/home/shoe/Desktop/workspace/observability/install/test_sub_node/share/test_sub_node/package.ps1'
[13.738s] INFO:colcon.colcon_core.shell:Creating package descriptor '/home/shoe/Desktop/workspace/observability/install/test_sub_node/share/test_sub_node/package.dsv'
[13.738s] INFO:colcon.colcon_core.shell:Creating package script '/home/shoe/Desktop/workspace/observability/install/test_sub_node/share/test_sub_node/package.sh'
[13.739s] INFO:colcon.colcon_core.shell:Creating package script '/home/shoe/Desktop/workspace/observability/install/test_sub_node/share/test_sub_node/package.bash'
[13.739s] INFO:colcon.colcon_core.shell:Creating package script '/home/shoe/Desktop/workspace/observability/install/test_sub_node/share/test_sub_node/package.zsh'
[13.739s] Level 1:colcon.colcon_core.environment:create_file_with_runtime_dependencies(/home/shoe/Desktop/workspace/observability/install/test_sub_node/share/colcon-core/packages/test_sub_node)
[13.739s] Level 1:colcon.colcon_core.environment:create_environment_scripts_only(test_sub_node)
[13.739s] Level 1:colcon.colcon_core.environment:checking '/home/shoe/Desktop/workspace/observability/install/test_sub_node' for CMake module files
[13.739s] Level 1:colcon.colcon_core.environment:checking '/home/shoe/Desktop/workspace/observability/install/test_sub_node' for CMake config files
[13.740s] Level 1:colcon.colcon_core.shell:create_environment_hook('test_sub_node', 'cmake_prefix_path')
[13.740s] INFO:colcon.colcon_core.shell:Creating environment hook '/home/shoe/Desktop/workspace/observability/install/test_sub_node/share/test_sub_node/hook/cmake_prefix_path.ps1'
[13.740s] INFO:colcon.colcon_core.shell:Creating environment descriptor '/home/shoe/Desktop/workspace/observability/install/test_sub_node/share/test_sub_node/hook/cmake_prefix_path.dsv'
[13.740s] INFO:colcon.colcon_core.shell:Creating environment hook '/home/shoe/Desktop/workspace/observability/install/test_sub_node/share/test_sub_node/hook/cmake_prefix_path.sh'
[13.740s] Level 1:colcon.colcon_core.environment:checking '/home/shoe/Desktop/workspace/observability/install/test_sub_node/lib'
[13.741s] Level 1:colcon.colcon_core.environment:checking '/home/shoe/Desktop/workspace/observability/install/test_sub_node/bin'
[13.741s] Level 1:colcon.colcon_core.environment:checking '/home/shoe/Desktop/workspace/observability/install/test_sub_node/lib/pkgconfig/test_sub_node.pc'
[13.741s] Level 1:colcon.colcon_core.environment:checking '/home/shoe/Desktop/workspace/observability/install/test_sub_node/lib/python3.12/site-packages'
[13.741s] Level 1:colcon.colcon_core.environment:checking '/home/shoe/Desktop/workspace/observability/install/test_sub_node/bin'
[13.741s] INFO:colcon.colcon_core.shell:Creating package script '/home/shoe/Desktop/workspace/observability/install/test_sub_node/share/test_sub_node/package.ps1'
[13.741s] INFO:colcon.colcon_core.shell:Creating package descriptor '/home/shoe/Desktop/workspace/observability/install/test_sub_node/share/test_sub_node/package.dsv'
[13.742s] INFO:colcon.colcon_core.shell:Creating package script '/home/shoe/Desktop/workspace/observability/install/test_sub_node/share/test_sub_node/package.sh'
[13.742s] INFO:colcon.colcon_core.shell:Creating package script '/home/shoe/Desktop/workspace/observability/install/test_sub_node/share/test_sub_node/package.bash'
[13.742s] INFO:colcon.colcon_core.shell:Creating package script '/home/shoe/Desktop/workspace/observability/install/test_sub_node/share/test_sub_node/package.zsh'
[13.742s] Level 1:colcon.colcon_core.environment:create_file_with_runtime_dependencies(/home/shoe/Desktop/workspace/observability/install/test_sub_node/share/colcon-core/packages/test_sub_node)
[13.742s] DEBUG:colcon.colcon_parallel_executor.executor.parallel:closing loop
[13.743s] DEBUG:colcon.colcon_parallel_executor.executor.parallel:loop closed
[13.743s] DEBUG:colcon.colcon_parallel_executor.executor.parallel:run_until_complete finished with '0'
[13.743s] DEBUG:colcon.colcon_core.event_reactor:joining thread
[13.748s] INFO:colcon.colcon_core.plugin_system:Skipping extension 'colcon_notification.desktop_notification.terminal_notifier': Not used on non-Darwin systems
[13.748s] INFO:colcon.colcon_core.plugin_system:Skipping extension 'colcon_notification.desktop_notification.win32': Not used on non-Windows systems
[13.748s] INFO:colcon.colcon_notification.desktop_notification:Sending desktop notification using 'notify2'
[13.758s] DEBUG:colcon.colcon_core.event_reactor:joined thread
[13.758s] INFO:colcon.colcon_core.shell:Creating prefix script '/home/shoe/Desktop/workspace/observability/install/local_setup.ps1'
[13.759s] INFO:colcon.colcon_core.shell:Creating prefix util module '/home/shoe/Desktop/workspace/observability/install/_local_setup_util_ps1.py'
[13.760s] INFO:colcon.colcon_core.shell:Creating prefix chain script '/home/shoe/Desktop/workspace/observability/install/setup.ps1'
[13.762s] INFO:colcon.colcon_core.shell:Creating prefix script '/home/shoe/Desktop/workspace/observability/install/local_setup.sh'
[13.762s] INFO:colcon.colcon_core.shell:Creating prefix util module '/home/shoe/Desktop/workspace/observability/install/_local_setup_util_sh.py'
[13.763s] INFO:colcon.colcon_core.shell:Creating prefix chain script '/home/shoe/Desktop/workspace/observability/install/setup.sh'
[13.764s] INFO:colcon.colcon_core.shell:Creating prefix script '/home/shoe/Desktop/workspace/observability/install/local_setup.bash'
[13.765s] INFO:colcon.colcon_core.shell:Creating prefix chain script '/home/shoe/Desktop/workspace/observability/install/setup.bash'
[13.765s] INFO:colcon.colcon_core.shell:Creating prefix script '/home/shoe/Desktop/workspace/observability/install/local_setup.zsh'
[13.766s] INFO:colcon.colcon_core.shell:Creating prefix chain script '/home/shoe/Desktop/workspace/observability/install/setup.zsh'
