-- The CXX compiler identification is GNU 13.3.0
-- Detecting CXX compiler ABI info
-- Detecting CXX compiler ABI info - done
-- Check for working CXX compiler: /usr/bin/c++ - skipped
-- Detecting CXX compile features
-- Detecting CXX compile features - done
-- Found Boost: /usr/lib/x86_64-linux-gnu/cmake/Boost-1.83.0/BoostConfig.cmake (found suitable version "1.83.0", minimum required is "1.65")  
-- Found ament_cmake: 2.5.3 (/opt/ros/jazzy/share/ament_cmake/cmake)
-- Found Python3: /usr/bin/python3 (found version "3.12.3") found components: Interpreter 
-- Found rclcpp: 28.1.6 (/opt/ros/jazzy/share/rclcpp/cmake)
-- Found rosidl_generator_c: 4.6.5 (/opt/ros/jazzy/share/rosidl_generator_c/cmake)
-- Found rosidl_generator_cpp: 4.6.5 (/opt/ros/jazzy/share/rosidl_generator_cpp/cmake)
-- Using all available rosidl_typesupport_c: rosidl_typesupport_fastrtps_c;rosidl_typesupport_introspection_c
-- Using all available rosidl_typesupport_cpp: rosidl_typesupport_fastrtps_cpp;rosidl_typesupport_introspection_cpp
-- Found rmw_implementation_cmake: 7.3.1 (/opt/ros/jazzy/share/rmw_implementation_cmake/cmake)
-- Found rmw_fastrtps_cpp: 8.4.1 (/opt/ros/jazzy/share/rmw_fastrtps_cpp/cmake)
-- Found OpenSSL: /usr/lib/x86_64-linux-gnu/libcrypto.so (found version "3.0.13")  
-- Found FastRTPS: /opt/ros/jazzy/include (Required is at least version "2.13") 
-- Using RMW implementation 'rmw_fastrtps_cpp' as default
-- Configuring done (0.8s)
-- Generating done (0.0s)
-- Build files have been written to: /home/shoe/Desktop/workspace/observability/build/observability_library
[ 33%] [32mBuilding CXX object CMakeFiles/observability_library.dir/src/helpers/ProcStatReader.cpp.o[0m
[ 66%] [32mBuilding CXX object CMakeFiles/observability_library.dir/src/ros/InstrNode.cpp.o[0m
[100%] [32m[1mLinking CXX static library libobservability_library.a[0m
[100%] Built target observability_library
-- Install configuration: ""
-- Installing: /home/shoe/Desktop/workspace/observability/install/observability_library/share/observability_library/environment/library_path.sh
-- Installing: /home/shoe/Desktop/workspace/observability/install/observability_library/share/observability_library/environment/library_path.dsv
-- Installing: /home/shoe/Desktop/workspace/observability/install/observability_library/lib/libobservability_library.a
-- Installing: /home/shoe/Desktop/workspace/observability/install/observability_library/include
-- Installing: /home/shoe/Desktop/workspace/observability/install/observability_library/include/observability_library
-- Installing: /home/shoe/Desktop/workspace/observability/install/observability_library/include/observability_library/ros
-- Installing: /home/shoe/Desktop/workspace/observability/install/observability_library/include/observability_library/ros/InstrNode.hpp
-- Installing: /home/shoe/Desktop/workspace/observability/install/observability_library/include/observability_library/ros/InstrNodeImpl.hpp
-- Installing: /home/shoe/Desktop/workspace/observability/install/observability_library/include/observability_library/types
-- Installing: /home/shoe/Desktop/workspace/observability/install/observability_library/include/observability_library/types/ProcStatData.hpp
-- Installing: /home/shoe/Desktop/workspace/observability/install/observability_library/include/observability_library/types/ProcStatMData.hpp
-- Installing: /home/shoe/Desktop/workspace/observability/install/observability_library/include/observability_library/helpers
-- Installing: /home/shoe/Desktop/workspace/observability/install/observability_library/include/observability_library/helpers/ProcStatReader.hpp
-- Installing: /home/shoe/Desktop/workspace/observability/install/observability_library/include/observability_library/helpers/SubscriberStats.hpp
-- Installing: /home/shoe/Desktop/workspace/observability/install/observability_library/share/ament_index/resource_index/package_run_dependencies/observability_library
-- Installing: /home/shoe/Desktop/workspace/observability/install/observability_library/share/ament_index/resource_index/parent_prefix_path/observability_library
-- Installing: /home/shoe/Desktop/workspace/observability/install/observability_library/share/observability_library/environment/ament_prefix_path.sh
-- Installing: /home/shoe/Desktop/workspace/observability/install/observability_library/share/observability_library/environment/ament_prefix_path.dsv
-- Installing: /home/shoe/Desktop/workspace/observability/install/observability_library/share/observability_library/environment/path.sh
-- Installing: /home/shoe/Desktop/workspace/observability/install/observability_library/share/observability_library/environment/path.dsv
-- Installing: /home/shoe/Desktop/workspace/observability/install/observability_library/share/observability_library/local_setup.bash
-- Installing: /home/shoe/Desktop/workspace/observability/install/observability_library/share/observability_library/local_setup.sh
-- Installing: /home/shoe/Desktop/workspace/observability/install/observability_library/share/observability_library/local_setup.zsh
-- Installing: /home/shoe/Desktop/workspace/observability/install/observability_library/share/observability_library/local_setup.dsv
-- Installing: /home/shoe/Desktop/workspace/observability/install/observability_library/share/observability_library/package.dsv
-- Installing: /home/shoe/Desktop/workspace/observability/install/observability_library/share/ament_index/resource_index/packages/observability_library
-- Installing: /home/shoe/Desktop/workspace/observability/install/observability_library/share/observability_library/cmake/observability_libraryExport.cmake
-- Installing: /home/shoe/Desktop/workspace/observability/install/observability_library/share/observability_library/cmake/observability_libraryExport-noconfig.cmake
-- Installing: /home/shoe/Desktop/workspace/observability/install/observability_library/share/observability_library/cmake/ament_cmake_export_targets-extras.cmake
-- Installing: /home/shoe/Desktop/workspace/observability/install/observability_library/share/observability_library/cmake/ament_cmake_export_include_directories-extras.cmake
-- Installing: /home/shoe/Desktop/workspace/observability/install/observability_library/share/observability_library/cmake/ament_cmake_export_dependencies-extras.cmake
-- Installing: /home/shoe/Desktop/workspace/observability/install/observability_library/share/observability_library/cmake/observability_libraryConfig.cmake
-- Installing: /home/shoe/Desktop/workspace/observability/install/observability_library/share/observability_library/cmake/observability_libraryConfig-version.cmake
-- Installing: /home/shoe/Desktop/workspace/observability/install/observability_library/share/observability_library/package.xml
