[0.008s] Invoking command in '/home/shoe/Desktop/workspace/observability/build/observability_library': CMAKE_PREFIX_PATH=${CMAKE_PREFIX_PATH}:/opt/ros/jazzy DEBUGINFOD_URLS=https://debuginfod.ubuntu.com /usr/bin/cmake --build /home/shoe/Desktop/workspace/observability/build/observability_library -- -j20 -l20
[0.066s] [ 33%] [32mBuilding CXX object CMakeFiles/observability_library.dir/src/helpers/ProcStatReader.cpp.o[0m
[0.313s] [ 66%] [32m[1mLinking CXX static library libobservability_library.a[0m
[0.348s] [100%] Built target observability_library
[0.362s] Invoked command in '/home/shoe/Desktop/workspace/observability/build/observability_library' returned '0': CMAKE_PREFIX_PATH=${CMAKE_PREFIX_PATH}:/opt/ros/jazzy DEBUGINFOD_URLS=https://debuginfod.ubuntu.com /usr/bin/cmake --build /home/shoe/Desktop/workspace/observability/build/observability_library -- -j20 -l20
[0.363s] Invoking command in '/home/shoe/Desktop/workspace/observability/build/observability_library': CMAKE_PREFIX_PATH=${CMAKE_PREFIX_PATH}:/opt/ros/jazzy DEBUGINFOD_URLS=https://debuginfod.ubuntu.com /usr/bin/cmake --install /home/shoe/Desktop/workspace/observability/build/observability_library
[0.372s] -- Install configuration: ""
[0.372s] -- Up-to-date: /home/shoe/Desktop/workspace/observability/install/observability_library/share/observability_library/environment/library_path.sh
[0.372s] -- Up-to-date: /home/shoe/Desktop/workspace/observability/install/observability_library/share/observability_library/environment/library_path.dsv
[0.372s] -- Installing: /home/shoe/Desktop/workspace/observability/install/observability_library/lib/libobservability_library.a
[0.372s] -- Up-to-date: /home/shoe/Desktop/workspace/observability/install/observability_library/include
[0.372s] -- Up-to-date: /home/shoe/Desktop/workspace/observability/install/observability_library/include/observability_library
[0.372s] -- Up-to-date: /home/shoe/Desktop/workspace/observability/install/observability_library/include/observability_library/ros
[0.372s] -- Up-to-date: /home/shoe/Desktop/workspace/observability/install/observability_library/include/observability_library/ros/InstrNode.hpp
[0.372s] -- Up-to-date: /home/shoe/Desktop/workspace/observability/install/observability_library/include/observability_library/ros/InstrNodeImpl.hpp
[0.372s] -- Up-to-date: /home/shoe/Desktop/workspace/observability/install/observability_library/include/observability_library/types
[0.372s] -- Up-to-date: /home/shoe/Desktop/workspace/observability/install/observability_library/include/observability_library/types/ProcStatData.hpp
[0.373s] -- Up-to-date: /home/shoe/Desktop/workspace/observability/install/observability_library/include/observability_library/types/ProcStatMData.hpp
[0.373s] -- Up-to-date: /home/shoe/Desktop/workspace/observability/install/observability_library/include/observability_library/helpers
[0.373s] -- Up-to-date: /home/shoe/Desktop/workspace/observability/install/observability_library/include/observability_library/helpers/ProcStatReader.hpp
[0.373s] -- Up-to-date: /home/shoe/Desktop/workspace/observability/install/observability_library/include/observability_library/helpers/SubscriberStats.hpp
[0.373s] -- Up-to-date: /home/shoe/Desktop/workspace/observability/install/observability_library/include/observability_library/helpers/TimerStats.hpp
[0.373s] -- Up-to-date: /home/shoe/Desktop/workspace/observability/install/observability_library/share/ament_index/resource_index/package_run_dependencies/observability_library
[0.373s] -- Up-to-date: /home/shoe/Desktop/workspace/observability/install/observability_library/share/ament_index/resource_index/parent_prefix_path/observability_library
[0.373s] -- Up-to-date: /home/shoe/Desktop/workspace/observability/install/observability_library/share/observability_library/environment/ament_prefix_path.sh
[0.373s] -- Up-to-date: /home/shoe/Desktop/workspace/observability/install/observability_library/share/observability_library/environment/ament_prefix_path.dsv
[0.373s] -- Up-to-date: /home/shoe/Desktop/workspace/observability/install/observability_library/share/observability_library/environment/path.sh
[0.373s] -- Up-to-date: /home/shoe/Desktop/workspace/observability/install/observability_library/share/observability_library/environment/path.dsv
[0.373s] -- Up-to-date: /home/shoe/Desktop/workspace/observability/install/observability_library/share/observability_library/local_setup.bash
[0.373s] -- Up-to-date: /home/shoe/Desktop/workspace/observability/install/observability_library/share/observability_library/local_setup.sh
[0.373s] -- Up-to-date: /home/shoe/Desktop/workspace/observability/install/observability_library/share/observability_library/local_setup.zsh
[0.373s] -- Up-to-date: /home/shoe/Desktop/workspace/observability/install/observability_library/share/observability_library/local_setup.dsv
[0.373s] -- Installing: /home/shoe/Desktop/workspace/observability/install/observability_library/share/observability_library/package.dsv
[0.373s] -- Up-to-date: /home/shoe/Desktop/workspace/observability/install/observability_library/share/ament_index/resource_index/packages/observability_library
[0.373s] -- Up-to-date: /home/shoe/Desktop/workspace/observability/install/observability_library/share/observability_library/cmake/observability_libraryExport.cmake
[0.374s] -- Up-to-date: /home/shoe/Desktop/workspace/observability/install/observability_library/share/observability_library/cmake/observability_libraryExport-noconfig.cmake
[0.374s] -- Up-to-date: /home/shoe/Desktop/workspace/observability/install/observability_library/share/observability_library/cmake/ament_cmake_export_targets-extras.cmake
[0.374s] -- Up-to-date: /home/shoe/Desktop/workspace/observability/install/observability_library/share/observability_library/cmake/ament_cmake_export_include_directories-extras.cmake
[0.374s] -- Up-to-date: /home/shoe/Desktop/workspace/observability/install/observability_library/share/observability_library/cmake/ament_cmake_export_dependencies-extras.cmake
[0.374s] -- Up-to-date: /home/shoe/Desktop/workspace/observability/install/observability_library/share/observability_library/cmake/observability_libraryConfig.cmake
[0.374s] -- Up-to-date: /home/shoe/Desktop/workspace/observability/install/observability_library/share/observability_library/cmake/observability_libraryConfig-version.cmake
[0.375s] -- Up-to-date: /home/shoe/Desktop/workspace/observability/install/observability_library/share/observability_library/package.xml
[0.375s] Invoked command in '/home/shoe/Desktop/workspace/observability/build/observability_library' returned '0': CMAKE_PREFIX_PATH=${CMAKE_PREFIX_PATH}:/opt/ros/jazzy DEBUGINFOD_URLS=https://debuginfod.ubuntu.com /usr/bin/cmake --install /home/shoe/Desktop/workspace/observability/build/observability_library
