[0.010s] Invoking command in '/home/shoe/Desktop/workspace/observability/build/observability_library': CMAKE_PREFIX_PATH=${CMAKE_PREFIX_PATH}:/opt/ros/jazzy DEBUGINFOD_URLS=https://debuginfod.ubuntu.com /usr/bin/cmake --build /home/shoe/Desktop/workspace/observability/build/observability_library -- -j20 -l20
[0.033s] -- Found ament_cmake: 2.5.3 (/opt/ros/jazzy/share/ament_cmake/cmake)
[0.225s] -- Found rclcpp: 28.1.6 (/opt/ros/jazzy/share/rclcpp/cmake)
[0.244s] -- Found rosidl_generator_c: 4.6.5 (/opt/ros/jazzy/share/rosidl_generator_c/cmake)
[0.250s] -- Found rosidl_generator_cpp: 4.6.5 (/opt/ros/jazzy/share/rosidl_generator_cpp/cmake)
[0.258s] -- Using all available rosidl_typesupport_c: rosidl_typesupport_fastrtps_c;rosidl_typesupport_introspection_c
[0.268s] -- Using all available rosidl_typesupport_cpp: rosidl_typesupport_fastrtps_cpp;rosidl_typesupport_introspection_cpp
[0.314s] -- Found rmw_implementation_cmake: 7.3.1 (/opt/ros/jazzy/share/rmw_implementation_cmake/cmake)
[0.316s] -- Found rmw_fastrtps_cpp: 8.4.1 (/opt/ros/jazzy/share/rmw_fastrtps_cpp/cmake)
[0.365s] -- Using RMW implementation 'rmw_fastrtps_cpp' as default
[0.476s] -- Configuring done (0.4s)
[0.482s] -- Generating done (0.0s)
[0.484s] -- Build files have been written to: /home/shoe/Desktop/workspace/observability/build/observability_library
[0.530s] [ 40%] [32mBuilding CXX object CMakeFiles/observability_library.dir/src/helpers/TimerStats.cpp.o[0m
[0.530s] [ 40%] [32mBuilding CXX object CMakeFiles/observability_library.dir/src/helpers/SubscriberStats.cpp.o[0m
[0.547s] [ 60%] [32m[1mLinking CXX static library libobservability_library.a[0m
[0.575s] [100%] Built target observability_library
[0.583s] Invoked command in '/home/shoe/Desktop/workspace/observability/build/observability_library' returned '0': CMAKE_PREFIX_PATH=${CMAKE_PREFIX_PATH}:/opt/ros/jazzy DEBUGINFOD_URLS=https://debuginfod.ubuntu.com /usr/bin/cmake --build /home/shoe/Desktop/workspace/observability/build/observability_library -- -j20 -l20
[0.584s] Invoking command in '/home/shoe/Desktop/workspace/observability/build/observability_library': CMAKE_PREFIX_PATH=${CMAKE_PREFIX_PATH}:/opt/ros/jazzy DEBUGINFOD_URLS=https://debuginfod.ubuntu.com /usr/bin/cmake --install /home/shoe/Desktop/workspace/observability/build/observability_library
[0.589s] -- Install configuration: ""
[0.590s] -- Up-to-date: /home/shoe/Desktop/workspace/observability/install/observability_library/share/observability_library/environment/library_path.sh
[0.590s] -- Up-to-date: /home/shoe/Desktop/workspace/observability/install/observability_library/share/observability_library/environment/library_path.dsv
[0.590s] -- Installing: /home/shoe/Desktop/workspace/observability/install/observability_library/lib/libobservability_library.a
[0.590s] -- Up-to-date: /home/shoe/Desktop/workspace/observability/install/observability_library/include
[0.590s] -- Up-to-date: /home/shoe/Desktop/workspace/observability/install/observability_library/include/observability_library
[0.590s] -- Up-to-date: /home/shoe/Desktop/workspace/observability/install/observability_library/include/observability_library/ros
[0.590s] -- Up-to-date: /home/shoe/Desktop/workspace/observability/install/observability_library/include/observability_library/ros/InstrNode.hpp
[0.590s] -- Up-to-date: /home/shoe/Desktop/workspace/observability/install/observability_library/include/observability_library/ros/InstrNodeImpl.hpp
[0.590s] -- Up-to-date: /home/shoe/Desktop/workspace/observability/install/observability_library/include/observability_library/types
[0.590s] -- Up-to-date: /home/shoe/Desktop/workspace/observability/install/observability_library/include/observability_library/types/ProcStatData.hpp
[0.591s] -- Up-to-date: /home/shoe/Desktop/workspace/observability/install/observability_library/include/observability_library/types/ProcStatMData.hpp
[0.591s] -- Up-to-date: /home/shoe/Desktop/workspace/observability/install/observability_library/include/observability_library/helpers
[0.591s] -- Up-to-date: /home/shoe/Desktop/workspace/observability/install/observability_library/include/observability_library/helpers/ProcStatReader.hpp
[0.591s] -- Up-to-date: /home/shoe/Desktop/workspace/observability/install/observability_library/include/observability_library/helpers/SubscriberStats.hpp
[0.591s] -- Up-to-date: /home/shoe/Desktop/workspace/observability/install/observability_library/include/observability_library/helpers/TimerStats.hpp
[0.591s] -- Up-to-date: /home/shoe/Desktop/workspace/observability/install/observability_library/share/ament_index/resource_index/package_run_dependencies/observability_library
[0.591s] -- Up-to-date: /home/shoe/Desktop/workspace/observability/install/observability_library/share/ament_index/resource_index/parent_prefix_path/observability_library
[0.591s] -- Up-to-date: /home/shoe/Desktop/workspace/observability/install/observability_library/share/observability_library/environment/ament_prefix_path.sh
[0.591s] -- Up-to-date: /home/shoe/Desktop/workspace/observability/install/observability_library/share/observability_library/environment/ament_prefix_path.dsv
[0.591s] -- Up-to-date: /home/shoe/Desktop/workspace/observability/install/observability_library/share/observability_library/environment/path.sh
[0.591s] -- Up-to-date: /home/shoe/Desktop/workspace/observability/install/observability_library/share/observability_library/environment/path.dsv
[0.591s] -- Up-to-date: /home/shoe/Desktop/workspace/observability/install/observability_library/share/observability_library/local_setup.bash
[0.591s] -- Up-to-date: /home/shoe/Desktop/workspace/observability/install/observability_library/share/observability_library/local_setup.sh
[0.591s] -- Up-to-date: /home/shoe/Desktop/workspace/observability/install/observability_library/share/observability_library/local_setup.zsh
[0.592s] -- Up-to-date: /home/shoe/Desktop/workspace/observability/install/observability_library/share/observability_library/local_setup.dsv
[0.592s] -- Installing: /home/shoe/Desktop/workspace/observability/install/observability_library/share/observability_library/package.dsv
[0.592s] -- Up-to-date: /home/shoe/Desktop/workspace/observability/install/observability_library/share/ament_index/resource_index/packages/observability_library
[0.592s] -- Up-to-date: /home/shoe/Desktop/workspace/observability/install/observability_library/share/observability_library/cmake/observability_libraryExport.cmake
[0.592s] -- Up-to-date: /home/shoe/Desktop/workspace/observability/install/observability_library/share/observability_library/cmake/observability_libraryExport-noconfig.cmake
[0.592s] -- Up-to-date: /home/shoe/Desktop/workspace/observability/install/observability_library/share/observability_library/cmake/ament_cmake_export_targets-extras.cmake
[0.593s] -- Up-to-date: /home/shoe/Desktop/workspace/observability/install/observability_library/share/observability_library/cmake/ament_cmake_export_include_directories-extras.cmake
[0.593s] -- Up-to-date: /home/shoe/Desktop/workspace/observability/install/observability_library/share/observability_library/cmake/ament_cmake_export_dependencies-extras.cmake
[0.593s] -- Up-to-date: /home/shoe/Desktop/workspace/observability/install/observability_library/share/observability_library/cmake/observability_libraryConfig.cmake
[0.593s] -- Up-to-date: /home/shoe/Desktop/workspace/observability/install/observability_library/share/observability_library/cmake/observability_libraryConfig-version.cmake
[0.593s] -- Up-to-date: /home/shoe/Desktop/workspace/observability/install/observability_library/share/observability_library/package.xml
[0.594s] Invoked command in '/home/shoe/Desktop/workspace/observability/build/observability_library' returned '0': CMAKE_PREFIX_PATH=${CMAKE_PREFIX_PATH}:/opt/ros/jazzy DEBUGINFOD_URLS=https://debuginfod.ubuntu.com /usr/bin/cmake --install /home/shoe/Desktop/workspace/observability/build/observability_library
