[0.067s] DEBUG:colcon:Command line arguments: ['/usr/bin/colcon', 'build', '--event-handlers', 'console_direct+']
[0.068s] DEBUG:colcon:Parsed command line arguments: Namespace(log_base=None, log_level=None, verb_name='build', build_base='build', install_base='install', merge_install=False, symlink_install=False, test_result_base=None, continue_on_error=False, executor='parallel', parallel_workers=20, event_handlers=['console_direct+'], ignore_user_meta=False, metas=['./colcon.meta'], base_paths=['.'], packages_ignore=None, packages_ignore_regex=None, paths=None, packages_up_to=None, packages_up_to_regex=None, packages_above=None, packages_above_and_dependencies=None, packages_above_depth=None, packages_select_by_dep=None, packages_skip_by_dep=None, packages_skip_up_to=None, packages_select_build_failed=False, packages_skip_build_finished=False, packages_select_test_failures=False, packages_skip_test_passed=False, packages_select=None, packages_skip=None, packages_select_regex=None, packages_skip_regex=None, packages_start=None, packages_end=None, allow_overriding=[], cmake_args=None, cmake_target=None, cmake_target_skip_unavailable=False, cmake_clean_cache=False, cmake_clean_first=False, cmake_force_configure=False, ament_cmake_args=None, catkin_cmake_args=None, catkin_skip_building_tests=False, mixin_files=None, mixin=None, verb_parser=<colcon_mixin.mixin.mixin_argument.MixinArgumentDecorator object at 0x7926b6d999d0>, verb_extension=<colcon_core.verb.build.BuildVerb object at 0x7926b6d99790>, main=<bound method BuildVerb.main of <colcon_core.verb.build.BuildVerb object at 0x7926b6d99790>>, mixin_verb=('build',))
[0.093s] Level 1:colcon.colcon_core.package_discovery:discover_packages(colcon_meta) check parameters
[0.093s] Level 1:colcon.colcon_core.package_discovery:discover_packages(recursive) check parameters
[0.093s] Level 1:colcon.colcon_core.package_discovery:discover_packages(ignore) check parameters
[0.093s] Level 1:colcon.colcon_core.package_discovery:discover_packages(path) check parameters
[0.093s] Level 1:colcon.colcon_core.package_discovery:discover_packages(colcon_meta) discover
[0.093s] Level 1:colcon.colcon_core.package_discovery:discover_packages(recursive) discover
[0.093s] INFO:colcon.colcon_core.package_discovery:Crawling recursively for packages in '/home/shoe/Desktop/workspace/observability'
[0.093s] Level 1:colcon.colcon_core.package_identification:_identify(.) by extensions ['ignore', 'ignore_ament_install']
[0.093s] Level 1:colcon.colcon_core.package_identification:_identify(.) by extension 'ignore'
[0.093s] Level 1:colcon.colcon_core.package_identification:_identify(.) by extension 'ignore_ament_install'
[0.093s] Level 1:colcon.colcon_core.package_identification:_identify(.) by extensions ['colcon_pkg']
[0.093s] Level 1:colcon.colcon_core.package_identification:_identify(.) by extension 'colcon_pkg'
[0.093s] Level 1:colcon.colcon_core.package_identification:_identify(.) by extensions ['colcon_meta']
[0.093s] Level 1:colcon.colcon_core.package_identification:_identify(.) by extension 'colcon_meta'
[0.093s] Level 1:colcon.colcon_core.package_identification:_identify(.) by extensions ['ros']
[0.094s] Level 1:colcon.colcon_core.package_identification:_identify(.) by extension 'ros'
[0.112s] Level 1:colcon.colcon_core.package_identification:_identify(.) by extensions ['cmake', 'python']
[0.112s] Level 1:colcon.colcon_core.package_identification:_identify(.) by extension 'cmake'
[0.112s] Level 1:colcon.colcon_core.package_identification:_identify(.) by extension 'python'
[0.112s] Level 1:colcon.colcon_core.package_identification:_identify(.) by extensions ['python_setup_py']
[0.112s] Level 1:colcon.colcon_core.package_identification:_identify(.) by extension 'python_setup_py'
[0.112s] Level 1:colcon.colcon_core.package_identification:_identify(build) by extensions ['ignore', 'ignore_ament_install']
[0.112s] Level 1:colcon.colcon_core.package_identification:_identify(build) by extension 'ignore'
[0.112s] Level 1:colcon.colcon_core.package_identification:_identify(build) ignored
[0.112s] Level 1:colcon.colcon_core.package_identification:_identify(install) by extensions ['ignore', 'ignore_ament_install']
[0.112s] Level 1:colcon.colcon_core.package_identification:_identify(install) by extension 'ignore'
[0.112s] Level 1:colcon.colcon_core.package_identification:_identify(install) ignored
[0.112s] Level 1:colcon.colcon_core.package_identification:_identify(libstat) by extensions ['ignore', 'ignore_ament_install']
[0.112s] Level 1:colcon.colcon_core.package_identification:_identify(libstat) by extension 'ignore'
[0.112s] Level 1:colcon.colcon_core.package_identification:_identify(libstat) by extension 'ignore_ament_install'
[0.112s] Level 1:colcon.colcon_core.package_identification:_identify(libstat) by extensions ['colcon_pkg']
[0.112s] Level 1:colcon.colcon_core.package_identification:_identify(libstat) by extension 'colcon_pkg'
[0.112s] Level 1:colcon.colcon_core.package_identification:_identify(libstat) by extensions ['colcon_meta']
[0.112s] Level 1:colcon.colcon_core.package_identification:_identify(libstat) by extension 'colcon_meta'
[0.112s] Level 1:colcon.colcon_core.package_identification:_identify(libstat) by extensions ['ros']
[0.112s] Level 1:colcon.colcon_core.package_identification:_identify(libstat) by extension 'ros'
[0.112s] Level 1:colcon.colcon_core.package_identification:_identify(libstat) by extensions ['cmake', 'python']
[0.112s] Level 1:colcon.colcon_core.package_identification:_identify(libstat) by extension 'cmake'
[0.112s] Level 1:colcon.colcon_core.package_identification:_identify(libstat) by extension 'python'
[0.112s] Level 1:colcon.colcon_core.package_identification:_identify(libstat) by extensions ['python_setup_py']
[0.112s] Level 1:colcon.colcon_core.package_identification:_identify(libstat) by extension 'python_setup_py'
[0.113s] Level 1:colcon.colcon_core.package_identification:_identify(libstat/out) by extensions ['ignore', 'ignore_ament_install']
[0.113s] Level 1:colcon.colcon_core.package_identification:_identify(libstat/out) by extension 'ignore'
[0.113s] Level 1:colcon.colcon_core.package_identification:_identify(libstat/out) by extension 'ignore_ament_install'
[0.113s] Level 1:colcon.colcon_core.package_identification:_identify(libstat/out) by extensions ['colcon_pkg']
[0.113s] Level 1:colcon.colcon_core.package_identification:_identify(libstat/out) by extension 'colcon_pkg'
[0.113s] Level 1:colcon.colcon_core.package_identification:_identify(libstat/out) by extensions ['colcon_meta']
[0.113s] Level 1:colcon.colcon_core.package_identification:_identify(libstat/out) by extension 'colcon_meta'
[0.113s] Level 1:colcon.colcon_core.package_identification:_identify(libstat/out) by extensions ['ros']
[0.113s] Level 1:colcon.colcon_core.package_identification:_identify(libstat/out) by extension 'ros'
[0.113s] Level 1:colcon.colcon_core.package_identification:_identify(libstat/out) by extensions ['cmake', 'python']
[0.113s] Level 1:colcon.colcon_core.package_identification:_identify(libstat/out) by extension 'cmake'
[0.113s] Level 1:colcon.colcon_core.package_identification:_identify(libstat/out) by extension 'python'
[0.113s] Level 1:colcon.colcon_core.package_identification:_identify(libstat/out) by extensions ['python_setup_py']
[0.113s] Level 1:colcon.colcon_core.package_identification:_identify(libstat/out) by extension 'python_setup_py'
[0.113s] Level 1:colcon.colcon_core.package_identification:_identify(libstat/src) by extensions ['ignore', 'ignore_ament_install']
[0.113s] Level 1:colcon.colcon_core.package_identification:_identify(libstat/src) by extension 'ignore'
[0.113s] Level 1:colcon.colcon_core.package_identification:_identify(libstat/src) by extension 'ignore_ament_install'
[0.113s] Level 1:colcon.colcon_core.package_identification:_identify(libstat/src) by extensions ['colcon_pkg']
[0.113s] Level 1:colcon.colcon_core.package_identification:_identify(libstat/src) by extension 'colcon_pkg'
[0.113s] Level 1:colcon.colcon_core.package_identification:_identify(libstat/src) by extensions ['colcon_meta']
[0.113s] Level 1:colcon.colcon_core.package_identification:_identify(libstat/src) by extension 'colcon_meta'
[0.113s] Level 1:colcon.colcon_core.package_identification:_identify(libstat/src) by extensions ['ros']
[0.113s] Level 1:colcon.colcon_core.package_identification:_identify(libstat/src) by extension 'ros'
[0.113s] Level 1:colcon.colcon_core.package_identification:_identify(libstat/src) by extensions ['cmake', 'python']
[0.113s] Level 1:colcon.colcon_core.package_identification:_identify(libstat/src) by extension 'cmake'
[0.113s] Level 1:colcon.colcon_core.package_identification:_identify(libstat/src) by extension 'python'
[0.113s] Level 1:colcon.colcon_core.package_identification:_identify(libstat/src) by extensions ['python_setup_py']
[0.113s] Level 1:colcon.colcon_core.package_identification:_identify(libstat/src) by extension 'python_setup_py'
[0.113s] Level 1:colcon.colcon_core.package_identification:_identify(libstat/test) by extensions ['ignore', 'ignore_ament_install']
[0.113s] Level 1:colcon.colcon_core.package_identification:_identify(libstat/test) by extension 'ignore'
[0.113s] Level 1:colcon.colcon_core.package_identification:_identify(libstat/test) by extension 'ignore_ament_install'
[0.113s] Level 1:colcon.colcon_core.package_identification:_identify(libstat/test) by extensions ['colcon_pkg']
[0.113s] Level 1:colcon.colcon_core.package_identification:_identify(libstat/test) by extension 'colcon_pkg'
[0.113s] Level 1:colcon.colcon_core.package_identification:_identify(libstat/test) by extensions ['colcon_meta']
[0.113s] Level 1:colcon.colcon_core.package_identification:_identify(libstat/test) by extension 'colcon_meta'
[0.113s] Level 1:colcon.colcon_core.package_identification:_identify(libstat/test) by extensions ['ros']
[0.113s] Level 1:colcon.colcon_core.package_identification:_identify(libstat/test) by extension 'ros'
[0.114s] Level 1:colcon.colcon_core.package_identification:_identify(libstat/test) by extensions ['cmake', 'python']
[0.114s] Level 1:colcon.colcon_core.package_identification:_identify(libstat/test) by extension 'cmake'
[0.114s] Level 1:colcon.colcon_core.package_identification:_identify(libstat/test) by extension 'python'
[0.114s] Level 1:colcon.colcon_core.package_identification:_identify(libstat/test) by extensions ['python_setup_py']
[0.114s] Level 1:colcon.colcon_core.package_identification:_identify(libstat/test) by extension 'python_setup_py'
[0.114s] Level 1:colcon.colcon_core.package_identification:_identify(log) by extensions ['ignore', 'ignore_ament_install']
[0.114s] Level 1:colcon.colcon_core.package_identification:_identify(log) by extension 'ignore'
[0.114s] Level 1:colcon.colcon_core.package_identification:_identify(log) ignored
[0.114s] Level 1:colcon.colcon_core.package_identification:_identify(src) by extensions ['ignore', 'ignore_ament_install']
[0.114s] Level 1:colcon.colcon_core.package_identification:_identify(src) by extension 'ignore'
[0.114s] Level 1:colcon.colcon_core.package_identification:_identify(src) by extension 'ignore_ament_install'
[0.114s] Level 1:colcon.colcon_core.package_identification:_identify(src) by extensions ['colcon_pkg']
[0.114s] Level 1:colcon.colcon_core.package_identification:_identify(src) by extension 'colcon_pkg'
[0.114s] Level 1:colcon.colcon_core.package_identification:_identify(src) by extensions ['colcon_meta']
[0.114s] Level 1:colcon.colcon_core.package_identification:_identify(src) by extension 'colcon_meta'
[0.114s] Level 1:colcon.colcon_core.package_identification:_identify(src) by extensions ['ros']
[0.114s] Level 1:colcon.colcon_core.package_identification:_identify(src) by extension 'ros'
[0.114s] Level 1:colcon.colcon_core.package_identification:_identify(src) by extensions ['cmake', 'python']
[0.114s] Level 1:colcon.colcon_core.package_identification:_identify(src) by extension 'cmake'
[0.114s] Level 1:colcon.colcon_core.package_identification:_identify(src) by extension 'python'
[0.114s] Level 1:colcon.colcon_core.package_identification:_identify(src) by extensions ['python_setup_py']
[0.114s] Level 1:colcon.colcon_core.package_identification:_identify(src) by extension 'python_setup_py'
[0.114s] Level 1:colcon.colcon_core.package_identification:_identify(src/msgs) by extensions ['ignore', 'ignore_ament_install']
[0.114s] Level 1:colcon.colcon_core.package_identification:_identify(src/msgs) by extension 'ignore'
[0.114s] Level 1:colcon.colcon_core.package_identification:_identify(src/msgs) by extension 'ignore_ament_install'
[0.114s] Level 1:colcon.colcon_core.package_identification:_identify(src/msgs) by extensions ['colcon_pkg']
[0.114s] Level 1:colcon.colcon_core.package_identification:_identify(src/msgs) by extension 'colcon_pkg'
[0.114s] Level 1:colcon.colcon_core.package_identification:_identify(src/msgs) by extensions ['colcon_meta']
[0.114s] Level 1:colcon.colcon_core.package_identification:_identify(src/msgs) by extension 'colcon_meta'
[0.114s] Level 1:colcon.colcon_core.package_identification:_identify(src/msgs) by extensions ['ros']
[0.114s] Level 1:colcon.colcon_core.package_identification:_identify(src/msgs) by extension 'ros'
[0.114s] Level 1:colcon.colcon_core.package_identification:_identify(src/msgs) by extensions ['cmake', 'python']
[0.114s] Level 1:colcon.colcon_core.package_identification:_identify(src/msgs) by extension 'cmake'
[0.114s] Level 1:colcon.colcon_core.package_identification:_identify(src/msgs) by extension 'python'
[0.114s] Level 1:colcon.colcon_core.package_identification:_identify(src/msgs) by extensions ['python_setup_py']
[0.114s] Level 1:colcon.colcon_core.package_identification:_identify(src/msgs) by extension 'python_setup_py'
[0.115s] Level 1:colcon.colcon_core.package_identification:_identify(src/msgs/test_msgs) by extensions ['ignore', 'ignore_ament_install']
[0.115s] Level 1:colcon.colcon_core.package_identification:_identify(src/msgs/test_msgs) by extension 'ignore'
[0.115s] Level 1:colcon.colcon_core.package_identification:_identify(src/msgs/test_msgs) by extension 'ignore_ament_install'
[0.115s] Level 1:colcon.colcon_core.package_identification:_identify(src/msgs/test_msgs) by extensions ['colcon_pkg']
[0.115s] Level 1:colcon.colcon_core.package_identification:_identify(src/msgs/test_msgs) by extension 'colcon_pkg'
[0.115s] Level 1:colcon.colcon_core.package_identification:_identify(src/msgs/test_msgs) by extensions ['colcon_meta']
[0.115s] Level 1:colcon.colcon_core.package_identification:_identify(src/msgs/test_msgs) by extension 'colcon_meta'
[0.115s] Level 1:colcon.colcon_core.package_identification:_identify(src/msgs/test_msgs) by extensions ['ros']
[0.115s] Level 1:colcon.colcon_core.package_identification:_identify(src/msgs/test_msgs) by extension 'ros'
[0.116s] DEBUG:colcon.colcon_core.package_identification:Package 'src/msgs/test_msgs' with type 'ros.ament_cmake' and name 'test_msgs'
[0.116s] Level 1:colcon.colcon_core.package_identification:_identify(src/observability_library) by extensions ['ignore', 'ignore_ament_install']
[0.117s] Level 1:colcon.colcon_core.package_identification:_identify(src/observability_library) by extension 'ignore'
[0.117s] Level 1:colcon.colcon_core.package_identification:_identify(src/observability_library) by extension 'ignore_ament_install'
[0.117s] Level 1:colcon.colcon_core.package_identification:_identify(src/observability_library) by extensions ['colcon_pkg']
[0.117s] Level 1:colcon.colcon_core.package_identification:_identify(src/observability_library) by extension 'colcon_pkg'
[0.117s] Level 1:colcon.colcon_core.package_identification:_identify(src/observability_library) by extensions ['colcon_meta']
[0.117s] Level 1:colcon.colcon_core.package_identification:_identify(src/observability_library) by extension 'colcon_meta'
[0.117s] Level 1:colcon.colcon_core.package_identification:_identify(src/observability_library) by extensions ['ros']
[0.117s] Level 1:colcon.colcon_core.package_identification:_identify(src/observability_library) by extension 'ros'
[0.117s] DEBUG:colcon.colcon_core.package_identification:Package 'src/observability_library' with type 'ros.ament_cmake' and name 'observability_library'
[0.117s] Level 1:colcon.colcon_core.package_identification:_identify(src/test_pub_node) by extensions ['ignore', 'ignore_ament_install']
[0.117s] Level 1:colcon.colcon_core.package_identification:_identify(src/test_pub_node) by extension 'ignore'
[0.117s] Level 1:colcon.colcon_core.package_identification:_identify(src/test_pub_node) by extension 'ignore_ament_install'
[0.117s] Level 1:colcon.colcon_core.package_identification:_identify(src/test_pub_node) by extensions ['colcon_pkg']
[0.117s] Level 1:colcon.colcon_core.package_identification:_identify(src/test_pub_node) by extension 'colcon_pkg'
[0.117s] Level 1:colcon.colcon_core.package_identification:_identify(src/test_pub_node) by extensions ['colcon_meta']
[0.117s] Level 1:colcon.colcon_core.package_identification:_identify(src/test_pub_node) by extension 'colcon_meta'
[0.117s] Level 1:colcon.colcon_core.package_identification:_identify(src/test_pub_node) by extensions ['ros']
[0.117s] Level 1:colcon.colcon_core.package_identification:_identify(src/test_pub_node) by extension 'ros'
[0.118s] DEBUG:colcon.colcon_core.package_identification:Package 'src/test_pub_node' with type 'ros.ament_cmake' and name 'test_pub_node'
[0.118s] Level 1:colcon.colcon_core.package_identification:_identify(src/test_sub_node) by extensions ['ignore', 'ignore_ament_install']
[0.118s] Level 1:colcon.colcon_core.package_identification:_identify(src/test_sub_node) by extension 'ignore'
[0.118s] Level 1:colcon.colcon_core.package_identification:_identify(src/test_sub_node) by extension 'ignore_ament_install'
[0.118s] Level 1:colcon.colcon_core.package_identification:_identify(src/test_sub_node) by extensions ['colcon_pkg']
[0.118s] Level 1:colcon.colcon_core.package_identification:_identify(src/test_sub_node) by extension 'colcon_pkg'
[0.118s] Level 1:colcon.colcon_core.package_identification:_identify(src/test_sub_node) by extensions ['colcon_meta']
[0.118s] Level 1:colcon.colcon_core.package_identification:_identify(src/test_sub_node) by extension 'colcon_meta'
[0.118s] Level 1:colcon.colcon_core.package_identification:_identify(src/test_sub_node) by extensions ['ros']
[0.118s] Level 1:colcon.colcon_core.package_identification:_identify(src/test_sub_node) by extension 'ros'
[0.118s] DEBUG:colcon.colcon_core.package_identification:Package 'src/test_sub_node' with type 'ros.ament_cmake' and name 'test_sub_node'
[0.118s] Level 1:colcon.colcon_core.package_discovery:discover_packages(recursive) using defaults
[0.118s] Level 1:colcon.colcon_core.package_discovery:discover_packages(ignore) discover
[0.119s] Level 1:colcon.colcon_core.package_discovery:discover_packages(ignore) using defaults
[0.119s] Level 1:colcon.colcon_core.package_discovery:discover_packages(path) discover
[0.119s] Level 1:colcon.colcon_core.package_discovery:discover_packages(path) using defaults
[0.131s] Level 1:colcon.colcon_core.package_discovery:discover_packages(prefix_path) check parameters
[0.131s] Level 1:colcon.colcon_core.package_discovery:discover_packages(prefix_path) discover
[0.131s] WARNING:colcon.colcon_core.prefix_path.colcon:The path '/home/shoe/Desktop/workspace/observability_poc/install' in the environment variable COLCON_PREFIX_PATH doesn't exist
[0.131s] WARNING:colcon.colcon_ros.prefix_path.ament:The path '/home/shoe/Desktop/workspace/observability_poc/install/test_pub_node' in the environment variable AMENT_PREFIX_PATH doesn't exist
[0.131s] WARNING:colcon.colcon_ros.prefix_path.ament:The path '/home/shoe/Desktop/workspace/observability_poc/install/test_msgs' in the environment variable AMENT_PREFIX_PATH doesn't exist
[0.131s] WARNING:colcon.colcon_ros.prefix_path.ament:The path '/home/shoe/Desktop/workspace/observability_poc/install/observability_library' in the environment variable AMENT_PREFIX_PATH doesn't exist
[0.131s] WARNING:colcon.colcon_ros.prefix_path.catkin:The path '/home/shoe/Desktop/workspace/observability_poc/install/test_pub_node' in the environment variable CMAKE_PREFIX_PATH doesn't exist
[0.132s] WARNING:colcon.colcon_ros.prefix_path.catkin:The path '/home/shoe/Desktop/workspace/observability_poc/install/test_msgs' in the environment variable CMAKE_PREFIX_PATH doesn't exist
[0.132s] WARNING:colcon.colcon_ros.prefix_path.catkin:The path '/home/shoe/Desktop/workspace/observability_poc/install/observability_library' in the environment variable CMAKE_PREFIX_PATH doesn't exist
[0.133s] DEBUG:colcon.colcon_installed_package_information.package_discovery:Found 285 installed packages in /opt/ros/jazzy
[0.134s] Level 1:colcon.colcon_core.package_discovery:discover_packages(prefix_path) using defaults
[0.156s] Level 5:colcon.colcon_core.verb:set package 'observability_library' build argument 'cmake_args' from command line to 'None'
[0.157s] Level 5:colcon.colcon_core.verb:set package 'observability_library' build argument 'cmake_target' from command line to 'None'
[0.157s] Level 5:colcon.colcon_core.verb:set package 'observability_library' build argument 'cmake_target_skip_unavailable' from command line to 'False'
[0.157s] Level 5:colcon.colcon_core.verb:set package 'observability_library' build argument 'cmake_clean_cache' from command line to 'False'
[0.157s] Level 5:colcon.colcon_core.verb:set package 'observability_library' build argument 'cmake_clean_first' from command line to 'False'
[0.157s] Level 5:colcon.colcon_core.verb:set package 'observability_library' build argument 'cmake_force_configure' from command line to 'False'
[0.157s] Level 5:colcon.colcon_core.verb:set package 'observability_library' build argument 'ament_cmake_args' from command line to 'None'
[0.157s] Level 5:colcon.colcon_core.verb:set package 'observability_library' build argument 'catkin_cmake_args' from command line to 'None'
[0.157s] Level 5:colcon.colcon_core.verb:set package 'observability_library' build argument 'catkin_skip_building_tests' from command line to 'False'
[0.157s] DEBUG:colcon.colcon_core.verb:Building package 'observability_library' with the following arguments: {'ament_cmake_args': None, 'build_base': '/home/shoe/Desktop/workspace/observability/build/observability_library', 'catkin_cmake_args': None, 'catkin_skip_building_tests': False, 'cmake_args': None, 'cmake_clean_cache': False, 'cmake_clean_first': False, 'cmake_force_configure': False, 'cmake_target': None, 'cmake_target_skip_unavailable': False, 'install_base': '/home/shoe/Desktop/workspace/observability/install/observability_library', 'merge_install': False, 'path': '/home/shoe/Desktop/workspace/observability/src/observability_library', 'symlink_install': False, 'test_result_base': None}
[0.157s] Level 5:colcon.colcon_core.verb:set package 'test_msgs' build argument 'cmake_args' from command line to 'None'
[0.157s] Level 5:colcon.colcon_core.verb:set package 'test_msgs' build argument 'cmake_target' from command line to 'None'
[0.157s] Level 5:colcon.colcon_core.verb:set package 'test_msgs' build argument 'cmake_target_skip_unavailable' from command line to 'False'
[0.157s] Level 5:colcon.colcon_core.verb:set package 'test_msgs' build argument 'cmake_clean_cache' from command line to 'False'
[0.157s] Level 5:colcon.colcon_core.verb:set package 'test_msgs' build argument 'cmake_clean_first' from command line to 'False'
[0.157s] Level 5:colcon.colcon_core.verb:set package 'test_msgs' build argument 'cmake_force_configure' from command line to 'False'
[0.157s] Level 5:colcon.colcon_core.verb:set package 'test_msgs' build argument 'ament_cmake_args' from command line to 'None'
[0.157s] Level 5:colcon.colcon_core.verb:set package 'test_msgs' build argument 'catkin_cmake_args' from command line to 'None'
[0.157s] Level 5:colcon.colcon_core.verb:set package 'test_msgs' build argument 'catkin_skip_building_tests' from command line to 'False'
[0.157s] DEBUG:colcon.colcon_core.verb:Building package 'test_msgs' with the following arguments: {'ament_cmake_args': None, 'build_base': '/home/shoe/Desktop/workspace/observability/build/test_msgs', 'catkin_cmake_args': None, 'catkin_skip_building_tests': False, 'cmake_args': None, 'cmake_clean_cache': False, 'cmake_clean_first': False, 'cmake_force_configure': False, 'cmake_target': None, 'cmake_target_skip_unavailable': False, 'install_base': '/home/shoe/Desktop/workspace/observability/install/test_msgs', 'merge_install': False, 'path': '/home/shoe/Desktop/workspace/observability/src/msgs/test_msgs', 'symlink_install': False, 'test_result_base': None}
[0.157s] Level 5:colcon.colcon_core.verb:set package 'test_pub_node' build argument 'cmake_args' from command line to 'None'
[0.157s] Level 5:colcon.colcon_core.verb:set package 'test_pub_node' build argument 'cmake_target' from command line to 'None'
[0.157s] Level 5:colcon.colcon_core.verb:set package 'test_pub_node' build argument 'cmake_target_skip_unavailable' from command line to 'False'
[0.157s] Level 5:colcon.colcon_core.verb:set package 'test_pub_node' build argument 'cmake_clean_cache' from command line to 'False'
[0.157s] Level 5:colcon.colcon_core.verb:set package 'test_pub_node' build argument 'cmake_clean_first' from command line to 'False'
[0.157s] Level 5:colcon.colcon_core.verb:set package 'test_pub_node' build argument 'cmake_force_configure' from command line to 'False'
[0.157s] Level 5:colcon.colcon_core.verb:set package 'test_pub_node' build argument 'ament_cmake_args' from command line to 'None'
[0.157s] Level 5:colcon.colcon_core.verb:set package 'test_pub_node' build argument 'catkin_cmake_args' from command line to 'None'
[0.157s] Level 5:colcon.colcon_core.verb:set package 'test_pub_node' build argument 'catkin_skip_building_tests' from command line to 'False'
[0.157s] DEBUG:colcon.colcon_core.verb:Building package 'test_pub_node' with the following arguments: {'ament_cmake_args': None, 'build_base': '/home/shoe/Desktop/workspace/observability/build/test_pub_node', 'catkin_cmake_args': None, 'catkin_skip_building_tests': False, 'cmake_args': None, 'cmake_clean_cache': False, 'cmake_clean_first': False, 'cmake_force_configure': False, 'cmake_target': None, 'cmake_target_skip_unavailable': False, 'install_base': '/home/shoe/Desktop/workspace/observability/install/test_pub_node', 'merge_install': False, 'path': '/home/shoe/Desktop/workspace/observability/src/test_pub_node', 'symlink_install': False, 'test_result_base': None}
[0.157s] Level 5:colcon.colcon_core.verb:set package 'test_sub_node' build argument 'cmake_args' from command line to 'None'
[0.157s] Level 5:colcon.colcon_core.verb:set package 'test_sub_node' build argument 'cmake_target' from command line to 'None'
[0.157s] Level 5:colcon.colcon_core.verb:set package 'test_sub_node' build argument 'cmake_target_skip_unavailable' from command line to 'False'
[0.157s] Level 5:colcon.colcon_core.verb:set package 'test_sub_node' build argument 'cmake_clean_cache' from command line to 'False'
[0.157s] Level 5:colcon.colcon_core.verb:set package 'test_sub_node' build argument 'cmake_clean_first' from command line to 'False'
[0.157s] Level 5:colcon.colcon_core.verb:set package 'test_sub_node' build argument 'cmake_force_configure' from command line to 'False'
[0.157s] Level 5:colcon.colcon_core.verb:set package 'test_sub_node' build argument 'ament_cmake_args' from command line to 'None'
[0.157s] Level 5:colcon.colcon_core.verb:set package 'test_sub_node' build argument 'catkin_cmake_args' from command line to 'None'
[0.158s] Level 5:colcon.colcon_core.verb:set package 'test_sub_node' build argument 'catkin_skip_building_tests' from command line to 'False'
[0.158s] DEBUG:colcon.colcon_core.verb:Building package 'test_sub_node' with the following arguments: {'ament_cmake_args': None, 'build_base': '/home/shoe/Desktop/workspace/observability/build/test_sub_node', 'catkin_cmake_args': None, 'catkin_skip_building_tests': False, 'cmake_args': None, 'cmake_clean_cache': False, 'cmake_clean_first': False, 'cmake_force_configure': False, 'cmake_target': None, 'cmake_target_skip_unavailable': False, 'install_base': '/home/shoe/Desktop/workspace/observability/install/test_sub_node', 'merge_install': False, 'path': '/home/shoe/Desktop/workspace/observability/src/test_sub_node', 'symlink_install': False, 'test_result_base': None}
[0.158s] INFO:colcon.colcon_core.executor:Executing jobs using 'parallel' executor
[0.158s] DEBUG:colcon.colcon_parallel_executor.executor.parallel:run_until_complete
[0.159s] INFO:colcon.colcon_ros.task.ament_cmake.build:Building ROS package in '/home/shoe/Desktop/workspace/observability/src/observability_library' with build type 'ament_cmake'
[0.159s] INFO:colcon.colcon_cmake.task.cmake.build:Building CMake package in '/home/shoe/Desktop/workspace/observability/src/observability_library'
[0.160s] INFO:colcon.colcon_core.plugin_system:Skipping extension 'colcon_core.shell.bat': Not used on non-Windows systems
[0.160s] INFO:colcon.colcon_core.shell:Skip shell extension 'powershell' for command environment: Not usable outside of PowerShell
[0.160s] DEBUG:colcon.colcon_core.shell:Skip shell extension 'dsv' for command environment
[0.162s] INFO:colcon.colcon_ros.task.ament_cmake.build:Building ROS package in '/home/shoe/Desktop/workspace/observability/src/msgs/test_msgs' with build type 'ament_cmake'
[0.163s] INFO:colcon.colcon_cmake.task.cmake.build:Building CMake package in '/home/shoe/Desktop/workspace/observability/src/msgs/test_msgs'
[0.163s] INFO:colcon.colcon_core.shell:Skip shell extension 'powershell' for command environment: Not usable outside of PowerShell
[0.163s] DEBUG:colcon.colcon_core.shell:Skip shell extension 'dsv' for command environment
[0.167s] DEBUG:colcon.colcon_core.event_handler.log_command:Invoking command in '/home/shoe/Desktop/workspace/observability/build/observability_library': CMAKE_PREFIX_PATH=${CMAKE_PREFIX_PATH}:/opt/ros/jazzy DEBUGINFOD_URLS=https://debuginfod.ubuntu.com /usr/bin/cmake --build /home/shoe/Desktop/workspace/observability/build/observability_library -- -j20 -l20
[0.170s] DEBUG:colcon.colcon_core.event_handler.log_command:Invoking command in '/home/shoe/Desktop/workspace/observability/build/test_msgs': CMAKE_PREFIX_PATH=${CMAKE_PREFIX_PATH}:/opt/ros/jazzy DEBUGINFOD_URLS=https://debuginfod.ubuntu.com /usr/bin/cmake --build /home/shoe/Desktop/workspace/observability/build/test_msgs -- -j20 -l20
[0.491s] DEBUG:colcon.colcon_core.event_handler.log_command:Invoked command in '/home/shoe/Desktop/workspace/observability/build/test_msgs' returned '0': CMAKE_PREFIX_PATH=${CMAKE_PREFIX_PATH}:/opt/ros/jazzy DEBUGINFOD_URLS=https://debuginfod.ubuntu.com /usr/bin/cmake --build /home/shoe/Desktop/workspace/observability/build/test_msgs -- -j20 -l20
[0.503s] DEBUG:colcon.colcon_core.event_handler.log_command:Invoking command in '/home/shoe/Desktop/workspace/observability/build/test_msgs': CMAKE_PREFIX_PATH=${CMAKE_PREFIX_PATH}:/opt/ros/jazzy DEBUGINFOD_URLS=https://debuginfod.ubuntu.com /usr/bin/cmake --install /home/shoe/Desktop/workspace/observability/build/test_msgs
[0.521s] DEBUG:colcon.colcon_core.event_handler.log_command:Invoked command in '/home/shoe/Desktop/workspace/observability/build/observability_library' returned '0': CMAKE_PREFIX_PATH=${CMAKE_PREFIX_PATH}:/opt/ros/jazzy DEBUGINFOD_URLS=https://debuginfod.ubuntu.com /usr/bin/cmake --build /home/shoe/Desktop/workspace/observability/build/observability_library -- -j20 -l20
[0.522s] DEBUG:colcon.colcon_core.event_handler.log_command:Invoking command in '/home/shoe/Desktop/workspace/observability/build/observability_library': CMAKE_PREFIX_PATH=${CMAKE_PREFIX_PATH}:/opt/ros/jazzy DEBUGINFOD_URLS=https://debuginfod.ubuntu.com /usr/bin/cmake --install /home/shoe/Desktop/workspace/observability/build/observability_library
[0.533s] Level 1:colcon.colcon_core.environment:create_environment_scripts_only(observability_library)
[0.534s] DEBUG:colcon.colcon_core.event_handler.log_command:Invoked command in '/home/shoe/Desktop/workspace/observability/build/observability_library' returned '0': CMAKE_PREFIX_PATH=${CMAKE_PREFIX_PATH}:/opt/ros/jazzy DEBUGINFOD_URLS=https://debuginfod.ubuntu.com /usr/bin/cmake --install /home/shoe/Desktop/workspace/observability/build/observability_library
[0.536s] Level 1:colcon.colcon_core.environment:checking '/home/shoe/Desktop/workspace/observability/install/observability_library' for CMake module files
[0.537s] Level 1:colcon.colcon_core.environment:checking '/home/shoe/Desktop/workspace/observability/install/observability_library' for CMake config files
[0.537s] Level 1:colcon.colcon_core.shell:create_environment_hook('observability_library', 'cmake_prefix_path')
[0.537s] INFO:colcon.colcon_core.shell:Creating environment hook '/home/shoe/Desktop/workspace/observability/install/observability_library/share/observability_library/hook/cmake_prefix_path.ps1'
[0.538s] INFO:colcon.colcon_core.shell:Creating environment descriptor '/home/shoe/Desktop/workspace/observability/install/observability_library/share/observability_library/hook/cmake_prefix_path.dsv'
[0.538s] INFO:colcon.colcon_core.shell:Creating environment hook '/home/shoe/Desktop/workspace/observability/install/observability_library/share/observability_library/hook/cmake_prefix_path.sh'
[0.539s] Level 1:colcon.colcon_core.environment:checking '/home/shoe/Desktop/workspace/observability/install/observability_library/lib'
[0.539s] Level 1:colcon.colcon_core.environment:checking '/home/shoe/Desktop/workspace/observability/install/observability_library/bin'
[0.539s] Level 1:colcon.colcon_core.environment:checking '/home/shoe/Desktop/workspace/observability/install/observability_library/lib/pkgconfig/observability_library.pc'
[0.539s] Level 1:colcon.colcon_core.environment:checking '/home/shoe/Desktop/workspace/observability/install/observability_library/lib/python3.12/site-packages'
[0.539s] Level 1:colcon.colcon_core.environment:checking '/home/shoe/Desktop/workspace/observability/install/observability_library/bin'
[0.539s] INFO:colcon.colcon_core.shell:Creating package script '/home/shoe/Desktop/workspace/observability/install/observability_library/share/observability_library/package.ps1'
[0.540s] INFO:colcon.colcon_core.shell:Creating package descriptor '/home/shoe/Desktop/workspace/observability/install/observability_library/share/observability_library/package.dsv'
[0.540s] INFO:colcon.colcon_core.shell:Creating package script '/home/shoe/Desktop/workspace/observability/install/observability_library/share/observability_library/package.sh'
[0.541s] INFO:colcon.colcon_core.shell:Creating package script '/home/shoe/Desktop/workspace/observability/install/observability_library/share/observability_library/package.bash'
[0.541s] INFO:colcon.colcon_core.shell:Creating package script '/home/shoe/Desktop/workspace/observability/install/observability_library/share/observability_library/package.zsh'
[0.541s] Level 1:colcon.colcon_core.environment:create_file_with_runtime_dependencies(/home/shoe/Desktop/workspace/observability/install/observability_library/share/colcon-core/packages/observability_library)
[0.541s] Level 1:colcon.colcon_core.environment:create_environment_scripts_only(observability_library)
[0.542s] Level 1:colcon.colcon_core.environment:checking '/home/shoe/Desktop/workspace/observability/install/observability_library' for CMake module files
[0.542s] Level 1:colcon.colcon_core.environment:checking '/home/shoe/Desktop/workspace/observability/install/observability_library' for CMake config files
[0.542s] Level 1:colcon.colcon_core.shell:create_environment_hook('observability_library', 'cmake_prefix_path')
[0.542s] INFO:colcon.colcon_core.shell:Creating environment hook '/home/shoe/Desktop/workspace/observability/install/observability_library/share/observability_library/hook/cmake_prefix_path.ps1'
[0.543s] INFO:colcon.colcon_core.shell:Creating environment descriptor '/home/shoe/Desktop/workspace/observability/install/observability_library/share/observability_library/hook/cmake_prefix_path.dsv'
[0.543s] INFO:colcon.colcon_core.shell:Creating environment hook '/home/shoe/Desktop/workspace/observability/install/observability_library/share/observability_library/hook/cmake_prefix_path.sh'
[0.543s] Level 1:colcon.colcon_core.environment:checking '/home/shoe/Desktop/workspace/observability/install/observability_library/lib'
[0.544s] Level 1:colcon.colcon_core.environment:checking '/home/shoe/Desktop/workspace/observability/install/observability_library/bin'
[0.544s] Level 1:colcon.colcon_core.environment:checking '/home/shoe/Desktop/workspace/observability/install/observability_library/lib/pkgconfig/observability_library.pc'
[0.544s] Level 1:colcon.colcon_core.environment:checking '/home/shoe/Desktop/workspace/observability/install/observability_library/lib/python3.12/site-packages'
[0.544s] Level 1:colcon.colcon_core.environment:checking '/home/shoe/Desktop/workspace/observability/install/observability_library/bin'
[0.544s] INFO:colcon.colcon_core.shell:Creating package script '/home/shoe/Desktop/workspace/observability/install/observability_library/share/observability_library/package.ps1'
[0.544s] INFO:colcon.colcon_core.shell:Creating package descriptor '/home/shoe/Desktop/workspace/observability/install/observability_library/share/observability_library/package.dsv'
[0.545s] INFO:colcon.colcon_core.shell:Creating package script '/home/shoe/Desktop/workspace/observability/install/observability_library/share/observability_library/package.sh'
[0.546s] INFO:colcon.colcon_core.shell:Creating package script '/home/shoe/Desktop/workspace/observability/install/observability_library/share/observability_library/package.bash'
[0.546s] INFO:colcon.colcon_core.shell:Creating package script '/home/shoe/Desktop/workspace/observability/install/observability_library/share/observability_library/package.zsh'
[0.546s] Level 1:colcon.colcon_core.environment:create_file_with_runtime_dependencies(/home/shoe/Desktop/workspace/observability/install/observability_library/share/colcon-core/packages/observability_library)
[0.553s] Level 1:colcon.colcon_core.environment:create_environment_scripts_only(test_msgs)
[0.553s] Level 1:colcon.colcon_core.environment:checking '/home/shoe/Desktop/workspace/observability/install/test_msgs' for CMake module files
[0.554s] Level 1:colcon.colcon_core.environment:checking '/home/shoe/Desktop/workspace/observability/install/test_msgs' for CMake config files
[0.554s] DEBUG:colcon.colcon_core.event_handler.log_command:Invoked command in '/home/shoe/Desktop/workspace/observability/build/test_msgs' returned '0': CMAKE_PREFIX_PATH=${CMAKE_PREFIX_PATH}:/opt/ros/jazzy DEBUGINFOD_URLS=https://debuginfod.ubuntu.com /usr/bin/cmake --install /home/shoe/Desktop/workspace/observability/build/test_msgs
[0.555s] Level 1:colcon.colcon_core.shell:create_environment_hook('test_msgs', 'cmake_prefix_path')
[0.555s] INFO:colcon.colcon_core.shell:Creating environment hook '/home/shoe/Desktop/workspace/observability/install/test_msgs/share/test_msgs/hook/cmake_prefix_path.ps1'
[0.555s] INFO:colcon.colcon_core.shell:Creating environment descriptor '/home/shoe/Desktop/workspace/observability/install/test_msgs/share/test_msgs/hook/cmake_prefix_path.dsv'
[0.555s] INFO:colcon.colcon_core.shell:Creating environment hook '/home/shoe/Desktop/workspace/observability/install/test_msgs/share/test_msgs/hook/cmake_prefix_path.sh'
[0.556s] Level 1:colcon.colcon_core.environment:checking '/home/shoe/Desktop/workspace/observability/install/test_msgs/lib'
[0.556s] Level 1:colcon.colcon_core.shell:create_environment_hook('test_msgs', 'ld_library_path_lib')
[0.556s] INFO:colcon.colcon_core.shell:Creating environment hook '/home/shoe/Desktop/workspace/observability/install/test_msgs/share/test_msgs/hook/ld_library_path_lib.ps1'
[0.556s] INFO:colcon.colcon_core.shell:Creating environment descriptor '/home/shoe/Desktop/workspace/observability/install/test_msgs/share/test_msgs/hook/ld_library_path_lib.dsv'
[0.556s] INFO:colcon.colcon_core.shell:Creating environment hook '/home/shoe/Desktop/workspace/observability/install/test_msgs/share/test_msgs/hook/ld_library_path_lib.sh'
[0.556s] Level 1:colcon.colcon_core.environment:checking '/home/shoe/Desktop/workspace/observability/install/test_msgs/bin'
[0.556s] Level 1:colcon.colcon_core.environment:checking '/home/shoe/Desktop/workspace/observability/install/test_msgs/lib/pkgconfig/test_msgs.pc'
[0.557s] Level 1:colcon.colcon_core.environment:checking '/home/shoe/Desktop/workspace/observability/install/test_msgs/lib/python3.12/site-packages'
[0.557s] Level 1:colcon.colcon_core.shell:create_environment_hook('test_msgs', 'pythonpath')
[0.557s] INFO:colcon.colcon_core.shell:Creating environment hook '/home/shoe/Desktop/workspace/observability/install/test_msgs/share/test_msgs/hook/pythonpath.ps1'
[0.557s] INFO:colcon.colcon_core.shell:Creating environment descriptor '/home/shoe/Desktop/workspace/observability/install/test_msgs/share/test_msgs/hook/pythonpath.dsv'
[0.557s] INFO:colcon.colcon_core.shell:Creating environment hook '/home/shoe/Desktop/workspace/observability/install/test_msgs/share/test_msgs/hook/pythonpath.sh'
[0.558s] Level 1:colcon.colcon_core.environment:checking '/home/shoe/Desktop/workspace/observability/install/test_msgs/bin'
[0.558s] INFO:colcon.colcon_core.shell:Creating package script '/home/shoe/Desktop/workspace/observability/install/test_msgs/share/test_msgs/package.ps1'
[0.558s] INFO:colcon.colcon_core.shell:Creating package descriptor '/home/shoe/Desktop/workspace/observability/install/test_msgs/share/test_msgs/package.dsv'
[0.558s] INFO:colcon.colcon_core.shell:Creating package script '/home/shoe/Desktop/workspace/observability/install/test_msgs/share/test_msgs/package.sh'
[0.559s] INFO:colcon.colcon_core.shell:Creating package script '/home/shoe/Desktop/workspace/observability/install/test_msgs/share/test_msgs/package.bash'
[0.559s] INFO:colcon.colcon_core.shell:Creating package script '/home/shoe/Desktop/workspace/observability/install/test_msgs/share/test_msgs/package.zsh'
[0.559s] Level 1:colcon.colcon_core.environment:create_file_with_runtime_dependencies(/home/shoe/Desktop/workspace/observability/install/test_msgs/share/colcon-core/packages/test_msgs)
[0.560s] Level 1:colcon.colcon_core.environment:create_environment_scripts_only(test_msgs)
[0.560s] Level 1:colcon.colcon_core.environment:checking '/home/shoe/Desktop/workspace/observability/install/test_msgs' for CMake module files
[0.561s] Level 1:colcon.colcon_core.environment:checking '/home/shoe/Desktop/workspace/observability/install/test_msgs' for CMake config files
[0.561s] Level 1:colcon.colcon_core.shell:create_environment_hook('test_msgs', 'cmake_prefix_path')
[0.561s] INFO:colcon.colcon_core.shell:Creating environment hook '/home/shoe/Desktop/workspace/observability/install/test_msgs/share/test_msgs/hook/cmake_prefix_path.ps1'
[0.561s] INFO:colcon.colcon_core.shell:Creating environment descriptor '/home/shoe/Desktop/workspace/observability/install/test_msgs/share/test_msgs/hook/cmake_prefix_path.dsv'
[0.562s] INFO:colcon.colcon_core.shell:Creating environment hook '/home/shoe/Desktop/workspace/observability/install/test_msgs/share/test_msgs/hook/cmake_prefix_path.sh'
[0.562s] Level 1:colcon.colcon_core.environment:checking '/home/shoe/Desktop/workspace/observability/install/test_msgs/lib'
[0.562s] Level 1:colcon.colcon_core.shell:create_environment_hook('test_msgs', 'ld_library_path_lib')
[0.562s] INFO:colcon.colcon_core.shell:Creating environment hook '/home/shoe/Desktop/workspace/observability/install/test_msgs/share/test_msgs/hook/ld_library_path_lib.ps1'
[0.563s] INFO:colcon.colcon_core.shell:Creating environment descriptor '/home/shoe/Desktop/workspace/observability/install/test_msgs/share/test_msgs/hook/ld_library_path_lib.dsv'
[0.563s] INFO:colcon.colcon_core.shell:Creating environment hook '/home/shoe/Desktop/workspace/observability/install/test_msgs/share/test_msgs/hook/ld_library_path_lib.sh'
[0.563s] Level 1:colcon.colcon_core.environment:checking '/home/shoe/Desktop/workspace/observability/install/test_msgs/bin'
[0.564s] Level 1:colcon.colcon_core.environment:checking '/home/shoe/Desktop/workspace/observability/install/test_msgs/lib/pkgconfig/test_msgs.pc'
[0.564s] Level 1:colcon.colcon_core.environment:checking '/home/shoe/Desktop/workspace/observability/install/test_msgs/lib/python3.12/site-packages'
[0.564s] Level 1:colcon.colcon_core.shell:create_environment_hook('test_msgs', 'pythonpath')
[0.564s] INFO:colcon.colcon_core.shell:Creating environment hook '/home/shoe/Desktop/workspace/observability/install/test_msgs/share/test_msgs/hook/pythonpath.ps1'
[0.564s] INFO:colcon.colcon_core.shell:Creating environment descriptor '/home/shoe/Desktop/workspace/observability/install/test_msgs/share/test_msgs/hook/pythonpath.dsv'
[0.564s] INFO:colcon.colcon_core.shell:Creating environment hook '/home/shoe/Desktop/workspace/observability/install/test_msgs/share/test_msgs/hook/pythonpath.sh'
[0.565s] Level 1:colcon.colcon_core.environment:checking '/home/shoe/Desktop/workspace/observability/install/test_msgs/bin'
[0.565s] INFO:colcon.colcon_core.shell:Creating package script '/home/shoe/Desktop/workspace/observability/install/test_msgs/share/test_msgs/package.ps1'
[0.565s] INFO:colcon.colcon_core.shell:Creating package descriptor '/home/shoe/Desktop/workspace/observability/install/test_msgs/share/test_msgs/package.dsv'
[0.566s] INFO:colcon.colcon_core.shell:Creating package script '/home/shoe/Desktop/workspace/observability/install/test_msgs/share/test_msgs/package.sh'
[0.566s] INFO:colcon.colcon_core.shell:Creating package script '/home/shoe/Desktop/workspace/observability/install/test_msgs/share/test_msgs/package.bash'
[0.566s] INFO:colcon.colcon_core.shell:Creating package script '/home/shoe/Desktop/workspace/observability/install/test_msgs/share/test_msgs/package.zsh'
[0.566s] Level 1:colcon.colcon_core.environment:create_file_with_runtime_dependencies(/home/shoe/Desktop/workspace/observability/install/test_msgs/share/colcon-core/packages/test_msgs)
[0.567s] INFO:colcon.colcon_ros.task.ament_cmake.build:Building ROS package in '/home/shoe/Desktop/workspace/observability/src/test_pub_node' with build type 'ament_cmake'
[0.567s] INFO:colcon.colcon_cmake.task.cmake.build:Building CMake package in '/home/shoe/Desktop/workspace/observability/src/test_pub_node'
[0.567s] INFO:colcon.colcon_core.shell:Skip shell extension 'powershell' for command environment: Not usable outside of PowerShell
[0.567s] DEBUG:colcon.colcon_core.shell:Skip shell extension 'dsv' for command environment
[0.569s] INFO:colcon.colcon_ros.task.ament_cmake.build:Building ROS package in '/home/shoe/Desktop/workspace/observability/src/test_sub_node' with build type 'ament_cmake'
[0.569s] INFO:colcon.colcon_cmake.task.cmake.build:Building CMake package in '/home/shoe/Desktop/workspace/observability/src/test_sub_node'
[0.569s] INFO:colcon.colcon_core.shell:Skip shell extension 'powershell' for command environment: Not usable outside of PowerShell
[0.569s] DEBUG:colcon.colcon_core.shell:Skip shell extension 'dsv' for command environment
[0.577s] DEBUG:colcon.colcon_core.event_handler.log_command:Invoking command in '/home/shoe/Desktop/workspace/observability/build/test_pub_node': AMENT_PREFIX_PATH=/home/shoe/Desktop/workspace/observability/install/test_msgs:/home/shoe/Desktop/workspace/observability/install/observability_library:${AMENT_PREFIX_PATH} CMAKE_PREFIX_PATH=/home/shoe/Desktop/workspace/observability/install/test_msgs:/home/shoe/Desktop/workspace/observability/install/observability_library:/home/shoe/Desktop/workspace/observability_poc/install/test_pub_node:/home/shoe/Desktop/workspace/observability_poc/install/test_msgs:/home/shoe/Desktop/workspace/observability_poc/install/observability_library:/opt/ros/jazzy/opt/gz_math_vendor:/opt/ros/jazzy/opt/gz_utils_vendor:/opt/ros/jazzy/opt/gz_cmake_vendor:/opt/ros/jazzy DEBUGINFOD_URLS=https://debuginfod.ubuntu.com LD_LIBRARY_PATH=/home/shoe/Desktop/workspace/observability/install/test_msgs/lib:/home/shoe/Desktop/workspace/observability/install/observability_library/lib:${LD_LIBRARY_PATH} PYTHONPATH=/home/shoe/Desktop/workspace/observability/install/test_msgs/lib/python3.12/site-packages:${PYTHONPATH} /usr/bin/cmake --build /home/shoe/Desktop/workspace/observability/build/test_pub_node -- -j20 -l20
[0.580s] DEBUG:colcon.colcon_core.event_handler.log_command:Invoking command in '/home/shoe/Desktop/workspace/observability/build/test_sub_node': AMENT_PREFIX_PATH=/home/shoe/Desktop/workspace/observability/install/test_msgs:/home/shoe/Desktop/workspace/observability/install/observability_library:${AMENT_PREFIX_PATH} CMAKE_PREFIX_PATH=/home/shoe/Desktop/workspace/observability/install/test_msgs:/home/shoe/Desktop/workspace/observability/install/observability_library:/home/shoe/Desktop/workspace/observability_poc/install/test_pub_node:/home/shoe/Desktop/workspace/observability_poc/install/test_msgs:/home/shoe/Desktop/workspace/observability_poc/install/observability_library:/opt/ros/jazzy/opt/gz_math_vendor:/opt/ros/jazzy/opt/gz_utils_vendor:/opt/ros/jazzy/opt/gz_cmake_vendor:/opt/ros/jazzy DEBUGINFOD_URLS=https://debuginfod.ubuntu.com LD_LIBRARY_PATH=/home/shoe/Desktop/workspace/observability/install/test_msgs/lib:/home/shoe/Desktop/workspace/observability/install/observability_library/lib:${LD_LIBRARY_PATH} PYTHONPATH=/home/shoe/Desktop/workspace/observability/install/test_msgs/lib/python3.12/site-packages:${PYTHONPATH} /usr/bin/cmake --build /home/shoe/Desktop/workspace/observability/build/test_sub_node -- -j20 -l20
[0.835s] DEBUG:colcon.colcon_core.event_handler.log_command:Invoked command in '/home/shoe/Desktop/workspace/observability/build/test_pub_node' returned '0': AMENT_PREFIX_PATH=/home/shoe/Desktop/workspace/observability/install/test_msgs:/home/shoe/Desktop/workspace/observability/install/observability_library:${AMENT_PREFIX_PATH} CMAKE_PREFIX_PATH=/home/shoe/Desktop/workspace/observability/install/test_msgs:/home/shoe/Desktop/workspace/observability/install/observability_library:/home/shoe/Desktop/workspace/observability_poc/install/test_pub_node:/home/shoe/Desktop/workspace/observability_poc/install/test_msgs:/home/shoe/Desktop/workspace/observability_poc/install/observability_library:/opt/ros/jazzy/opt/gz_math_vendor:/opt/ros/jazzy/opt/gz_utils_vendor:/opt/ros/jazzy/opt/gz_cmake_vendor:/opt/ros/jazzy DEBUGINFOD_URLS=https://debuginfod.ubuntu.com LD_LIBRARY_PATH=/home/shoe/Desktop/workspace/observability/install/test_msgs/lib:/home/shoe/Desktop/workspace/observability/install/observability_library/lib:${LD_LIBRARY_PATH} PYTHONPATH=/home/shoe/Desktop/workspace/observability/install/test_msgs/lib/python3.12/site-packages:${PYTHONPATH} /usr/bin/cmake --build /home/shoe/Desktop/workspace/observability/build/test_pub_node -- -j20 -l20
[0.835s] DEBUG:colcon.colcon_core.event_handler.log_command:Invoking command in '/home/shoe/Desktop/workspace/observability/build/test_pub_node': AMENT_PREFIX_PATH=/home/shoe/Desktop/workspace/observability/install/test_msgs:/home/shoe/Desktop/workspace/observability/install/observability_library:${AMENT_PREFIX_PATH} CMAKE_PREFIX_PATH=/home/shoe/Desktop/workspace/observability/install/test_msgs:/home/shoe/Desktop/workspace/observability/install/observability_library:/home/shoe/Desktop/workspace/observability_poc/install/test_pub_node:/home/shoe/Desktop/workspace/observability_poc/install/test_msgs:/home/shoe/Desktop/workspace/observability_poc/install/observability_library:/opt/ros/jazzy/opt/gz_math_vendor:/opt/ros/jazzy/opt/gz_utils_vendor:/opt/ros/jazzy/opt/gz_cmake_vendor:/opt/ros/jazzy DEBUGINFOD_URLS=https://debuginfod.ubuntu.com LD_LIBRARY_PATH=/home/shoe/Desktop/workspace/observability/install/test_msgs/lib:/home/shoe/Desktop/workspace/observability/install/observability_library/lib:${LD_LIBRARY_PATH} PYTHONPATH=/home/shoe/Desktop/workspace/observability/install/test_msgs/lib/python3.12/site-packages:${PYTHONPATH} /usr/bin/cmake --install /home/shoe/Desktop/workspace/observability/build/test_pub_node
[0.850s] Level 1:colcon.colcon_core.environment:create_environment_scripts_only(test_pub_node)
[0.851s] Level 1:colcon.colcon_core.environment:checking '/home/shoe/Desktop/workspace/observability/install/test_pub_node' for CMake module files
[0.851s] DEBUG:colcon.colcon_core.event_handler.log_command:Invoked command in '/home/shoe/Desktop/workspace/observability/build/test_pub_node' returned '0': AMENT_PREFIX_PATH=/home/shoe/Desktop/workspace/observability/install/test_msgs:/home/shoe/Desktop/workspace/observability/install/observability_library:${AMENT_PREFIX_PATH} CMAKE_PREFIX_PATH=/home/shoe/Desktop/workspace/observability/install/test_msgs:/home/shoe/Desktop/workspace/observability/install/observability_library:/home/shoe/Desktop/workspace/observability_poc/install/test_pub_node:/home/shoe/Desktop/workspace/observability_poc/install/test_msgs:/home/shoe/Desktop/workspace/observability_poc/install/observability_library:/opt/ros/jazzy/opt/gz_math_vendor:/opt/ros/jazzy/opt/gz_utils_vendor:/opt/ros/jazzy/opt/gz_cmake_vendor:/opt/ros/jazzy DEBUGINFOD_URLS=https://debuginfod.ubuntu.com LD_LIBRARY_PATH=/home/shoe/Desktop/workspace/observability/install/test_msgs/lib:/home/shoe/Desktop/workspace/observability/install/observability_library/lib:${LD_LIBRARY_PATH} PYTHONPATH=/home/shoe/Desktop/workspace/observability/install/test_msgs/lib/python3.12/site-packages:${PYTHONPATH} /usr/bin/cmake --install /home/shoe/Desktop/workspace/observability/build/test_pub_node
[0.851s] Level 1:colcon.colcon_core.environment:checking '/home/shoe/Desktop/workspace/observability/install/test_pub_node' for CMake config files
[0.851s] Level 1:colcon.colcon_core.shell:create_environment_hook('test_pub_node', 'cmake_prefix_path')
[0.851s] INFO:colcon.colcon_core.shell:Creating environment hook '/home/shoe/Desktop/workspace/observability/install/test_pub_node/share/test_pub_node/hook/cmake_prefix_path.ps1'
[0.852s] INFO:colcon.colcon_core.shell:Creating environment descriptor '/home/shoe/Desktop/workspace/observability/install/test_pub_node/share/test_pub_node/hook/cmake_prefix_path.dsv'
[0.852s] INFO:colcon.colcon_core.shell:Creating environment hook '/home/shoe/Desktop/workspace/observability/install/test_pub_node/share/test_pub_node/hook/cmake_prefix_path.sh'
[0.852s] Level 1:colcon.colcon_core.environment:checking '/home/shoe/Desktop/workspace/observability/install/test_pub_node/lib'
[0.853s] Level 1:colcon.colcon_core.environment:checking '/home/shoe/Desktop/workspace/observability/install/test_pub_node/bin'
[0.853s] Level 1:colcon.colcon_core.environment:checking '/home/shoe/Desktop/workspace/observability/install/test_pub_node/lib/pkgconfig/test_pub_node.pc'
[0.853s] Level 1:colcon.colcon_core.environment:checking '/home/shoe/Desktop/workspace/observability/install/test_pub_node/lib/python3.12/site-packages'
[0.853s] Level 1:colcon.colcon_core.environment:checking '/home/shoe/Desktop/workspace/observability/install/test_pub_node/bin'
[0.853s] INFO:colcon.colcon_core.shell:Creating package script '/home/shoe/Desktop/workspace/observability/install/test_pub_node/share/test_pub_node/package.ps1'
[0.853s] INFO:colcon.colcon_core.shell:Creating package descriptor '/home/shoe/Desktop/workspace/observability/install/test_pub_node/share/test_pub_node/package.dsv'
[0.854s] INFO:colcon.colcon_core.shell:Creating package script '/home/shoe/Desktop/workspace/observability/install/test_pub_node/share/test_pub_node/package.sh'
[0.854s] INFO:colcon.colcon_core.shell:Creating package script '/home/shoe/Desktop/workspace/observability/install/test_pub_node/share/test_pub_node/package.bash'
[0.854s] INFO:colcon.colcon_core.shell:Creating package script '/home/shoe/Desktop/workspace/observability/install/test_pub_node/share/test_pub_node/package.zsh'
[0.854s] Level 1:colcon.colcon_core.environment:create_file_with_runtime_dependencies(/home/shoe/Desktop/workspace/observability/install/test_pub_node/share/colcon-core/packages/test_pub_node)
[0.855s] Level 1:colcon.colcon_core.environment:create_environment_scripts_only(test_pub_node)
[0.855s] Level 1:colcon.colcon_core.environment:checking '/home/shoe/Desktop/workspace/observability/install/test_pub_node' for CMake module files
[0.855s] Level 1:colcon.colcon_core.environment:checking '/home/shoe/Desktop/workspace/observability/install/test_pub_node' for CMake config files
[0.855s] Level 1:colcon.colcon_core.shell:create_environment_hook('test_pub_node', 'cmake_prefix_path')
[0.855s] INFO:colcon.colcon_core.shell:Creating environment hook '/home/shoe/Desktop/workspace/observability/install/test_pub_node/share/test_pub_node/hook/cmake_prefix_path.ps1'
[0.856s] INFO:colcon.colcon_core.shell:Creating environment descriptor '/home/shoe/Desktop/workspace/observability/install/test_pub_node/share/test_pub_node/hook/cmake_prefix_path.dsv'
[0.856s] INFO:colcon.colcon_core.shell:Creating environment hook '/home/shoe/Desktop/workspace/observability/install/test_pub_node/share/test_pub_node/hook/cmake_prefix_path.sh'
[0.856s] Level 1:colcon.colcon_core.environment:checking '/home/shoe/Desktop/workspace/observability/install/test_pub_node/lib'
[0.856s] Level 1:colcon.colcon_core.environment:checking '/home/shoe/Desktop/workspace/observability/install/test_pub_node/bin'
[0.856s] Level 1:colcon.colcon_core.environment:checking '/home/shoe/Desktop/workspace/observability/install/test_pub_node/lib/pkgconfig/test_pub_node.pc'
[0.857s] Level 1:colcon.colcon_core.environment:checking '/home/shoe/Desktop/workspace/observability/install/test_pub_node/lib/python3.12/site-packages'
[0.857s] Level 1:colcon.colcon_core.environment:checking '/home/shoe/Desktop/workspace/observability/install/test_pub_node/bin'
[0.857s] INFO:colcon.colcon_core.shell:Creating package script '/home/shoe/Desktop/workspace/observability/install/test_pub_node/share/test_pub_node/package.ps1'
[0.857s] INFO:colcon.colcon_core.shell:Creating package descriptor '/home/shoe/Desktop/workspace/observability/install/test_pub_node/share/test_pub_node/package.dsv'
[0.857s] INFO:colcon.colcon_core.shell:Creating package script '/home/shoe/Desktop/workspace/observability/install/test_pub_node/share/test_pub_node/package.sh'
[0.858s] INFO:colcon.colcon_core.shell:Creating package script '/home/shoe/Desktop/workspace/observability/install/test_pub_node/share/test_pub_node/package.bash'
[0.858s] INFO:colcon.colcon_core.shell:Creating package script '/home/shoe/Desktop/workspace/observability/install/test_pub_node/share/test_pub_node/package.zsh'
[0.858s] Level 1:colcon.colcon_core.environment:create_file_with_runtime_dependencies(/home/shoe/Desktop/workspace/observability/install/test_pub_node/share/colcon-core/packages/test_pub_node)
[0.948s] DEBUG:colcon.colcon_core.event_handler.log_command:Invoked command in '/home/shoe/Desktop/workspace/observability/build/test_sub_node' returned '0': AMENT_PREFIX_PATH=/home/shoe/Desktop/workspace/observability/install/test_msgs:/home/shoe/Desktop/workspace/observability/install/observability_library:${AMENT_PREFIX_PATH} CMAKE_PREFIX_PATH=/home/shoe/Desktop/workspace/observability/install/test_msgs:/home/shoe/Desktop/workspace/observability/install/observability_library:/home/shoe/Desktop/workspace/observability_poc/install/test_pub_node:/home/shoe/Desktop/workspace/observability_poc/install/test_msgs:/home/shoe/Desktop/workspace/observability_poc/install/observability_library:/opt/ros/jazzy/opt/gz_math_vendor:/opt/ros/jazzy/opt/gz_utils_vendor:/opt/ros/jazzy/opt/gz_cmake_vendor:/opt/ros/jazzy DEBUGINFOD_URLS=https://debuginfod.ubuntu.com LD_LIBRARY_PATH=/home/shoe/Desktop/workspace/observability/install/test_msgs/lib:/home/shoe/Desktop/workspace/observability/install/observability_library/lib:${LD_LIBRARY_PATH} PYTHONPATH=/home/shoe/Desktop/workspace/observability/install/test_msgs/lib/python3.12/site-packages:${PYTHONPATH} /usr/bin/cmake --build /home/shoe/Desktop/workspace/observability/build/test_sub_node -- -j20 -l20
[0.950s] DEBUG:colcon.colcon_core.event_handler.log_command:Invoking command in '/home/shoe/Desktop/workspace/observability/build/test_sub_node': AMENT_PREFIX_PATH=/home/shoe/Desktop/workspace/observability/install/test_msgs:/home/shoe/Desktop/workspace/observability/install/observability_library:${AMENT_PREFIX_PATH} CMAKE_PREFIX_PATH=/home/shoe/Desktop/workspace/observability/install/test_msgs:/home/shoe/Desktop/workspace/observability/install/observability_library:/home/shoe/Desktop/workspace/observability_poc/install/test_pub_node:/home/shoe/Desktop/workspace/observability_poc/install/test_msgs:/home/shoe/Desktop/workspace/observability_poc/install/observability_library:/opt/ros/jazzy/opt/gz_math_vendor:/opt/ros/jazzy/opt/gz_utils_vendor:/opt/ros/jazzy/opt/gz_cmake_vendor:/opt/ros/jazzy DEBUGINFOD_URLS=https://debuginfod.ubuntu.com LD_LIBRARY_PATH=/home/shoe/Desktop/workspace/observability/install/test_msgs/lib:/home/shoe/Desktop/workspace/observability/install/observability_library/lib:${LD_LIBRARY_PATH} PYTHONPATH=/home/shoe/Desktop/workspace/observability/install/test_msgs/lib/python3.12/site-packages:${PYTHONPATH} /usr/bin/cmake --install /home/shoe/Desktop/workspace/observability/build/test_sub_node
[0.972s] Level 1:colcon.colcon_core.environment:create_environment_scripts_only(test_sub_node)
[0.973s] Level 1:colcon.colcon_core.environment:checking '/home/shoe/Desktop/workspace/observability/install/test_sub_node' for CMake module files
[0.973s] DEBUG:colcon.colcon_core.event_handler.log_command:Invoked command in '/home/shoe/Desktop/workspace/observability/build/test_sub_node' returned '0': AMENT_PREFIX_PATH=/home/shoe/Desktop/workspace/observability/install/test_msgs:/home/shoe/Desktop/workspace/observability/install/observability_library:${AMENT_PREFIX_PATH} CMAKE_PREFIX_PATH=/home/shoe/Desktop/workspace/observability/install/test_msgs:/home/shoe/Desktop/workspace/observability/install/observability_library:/home/shoe/Desktop/workspace/observability_poc/install/test_pub_node:/home/shoe/Desktop/workspace/observability_poc/install/test_msgs:/home/shoe/Desktop/workspace/observability_poc/install/observability_library:/opt/ros/jazzy/opt/gz_math_vendor:/opt/ros/jazzy/opt/gz_utils_vendor:/opt/ros/jazzy/opt/gz_cmake_vendor:/opt/ros/jazzy DEBUGINFOD_URLS=https://debuginfod.ubuntu.com LD_LIBRARY_PATH=/home/shoe/Desktop/workspace/observability/install/test_msgs/lib:/home/shoe/Desktop/workspace/observability/install/observability_library/lib:${LD_LIBRARY_PATH} PYTHONPATH=/home/shoe/Desktop/workspace/observability/install/test_msgs/lib/python3.12/site-packages:${PYTHONPATH} /usr/bin/cmake --install /home/shoe/Desktop/workspace/observability/build/test_sub_node
[0.973s] Level 1:colcon.colcon_core.environment:checking '/home/shoe/Desktop/workspace/observability/install/test_sub_node' for CMake config files
[0.973s] Level 1:colcon.colcon_core.shell:create_environment_hook('test_sub_node', 'cmake_prefix_path')
[0.973s] INFO:colcon.colcon_core.shell:Creating environment hook '/home/shoe/Desktop/workspace/observability/install/test_sub_node/share/test_sub_node/hook/cmake_prefix_path.ps1'
[0.974s] INFO:colcon.colcon_core.shell:Creating environment descriptor '/home/shoe/Desktop/workspace/observability/install/test_sub_node/share/test_sub_node/hook/cmake_prefix_path.dsv'
[0.974s] INFO:colcon.colcon_core.shell:Creating environment hook '/home/shoe/Desktop/workspace/observability/install/test_sub_node/share/test_sub_node/hook/cmake_prefix_path.sh'
[0.974s] Level 1:colcon.colcon_core.environment:checking '/home/shoe/Desktop/workspace/observability/install/test_sub_node/lib'
[0.974s] Level 1:colcon.colcon_core.environment:checking '/home/shoe/Desktop/workspace/observability/install/test_sub_node/bin'
[0.974s] Level 1:colcon.colcon_core.environment:checking '/home/shoe/Desktop/workspace/observability/install/test_sub_node/lib/pkgconfig/test_sub_node.pc'
[0.975s] Level 1:colcon.colcon_core.environment:checking '/home/shoe/Desktop/workspace/observability/install/test_sub_node/lib/python3.12/site-packages'
[0.975s] Level 1:colcon.colcon_core.environment:checking '/home/shoe/Desktop/workspace/observability/install/test_sub_node/bin'
[0.975s] INFO:colcon.colcon_core.shell:Creating package script '/home/shoe/Desktop/workspace/observability/install/test_sub_node/share/test_sub_node/package.ps1'
[0.975s] INFO:colcon.colcon_core.shell:Creating package descriptor '/home/shoe/Desktop/workspace/observability/install/test_sub_node/share/test_sub_node/package.dsv'
[0.975s] INFO:colcon.colcon_core.shell:Creating package script '/home/shoe/Desktop/workspace/observability/install/test_sub_node/share/test_sub_node/package.sh'
[0.976s] INFO:colcon.colcon_core.shell:Creating package script '/home/shoe/Desktop/workspace/observability/install/test_sub_node/share/test_sub_node/package.bash'
[0.976s] INFO:colcon.colcon_core.shell:Creating package script '/home/shoe/Desktop/workspace/observability/install/test_sub_node/share/test_sub_node/package.zsh'
[0.976s] Level 1:colcon.colcon_core.environment:create_file_with_runtime_dependencies(/home/shoe/Desktop/workspace/observability/install/test_sub_node/share/colcon-core/packages/test_sub_node)
[0.976s] Level 1:colcon.colcon_core.environment:create_environment_scripts_only(test_sub_node)
[0.976s] Level 1:colcon.colcon_core.environment:checking '/home/shoe/Desktop/workspace/observability/install/test_sub_node' for CMake module files
[0.977s] Level 1:colcon.colcon_core.environment:checking '/home/shoe/Desktop/workspace/observability/install/test_sub_node' for CMake config files
[0.977s] Level 1:colcon.colcon_core.shell:create_environment_hook('test_sub_node', 'cmake_prefix_path')
[0.977s] INFO:colcon.colcon_core.shell:Creating environment hook '/home/shoe/Desktop/workspace/observability/install/test_sub_node/share/test_sub_node/hook/cmake_prefix_path.ps1'
[0.978s] INFO:colcon.colcon_core.shell:Creating environment descriptor '/home/shoe/Desktop/workspace/observability/install/test_sub_node/share/test_sub_node/hook/cmake_prefix_path.dsv'
[0.978s] INFO:colcon.colcon_core.shell:Creating environment hook '/home/shoe/Desktop/workspace/observability/install/test_sub_node/share/test_sub_node/hook/cmake_prefix_path.sh'
[0.978s] Level 1:colcon.colcon_core.environment:checking '/home/shoe/Desktop/workspace/observability/install/test_sub_node/lib'
[0.978s] Level 1:colcon.colcon_core.environment:checking '/home/shoe/Desktop/workspace/observability/install/test_sub_node/bin'
[0.978s] Level 1:colcon.colcon_core.environment:checking '/home/shoe/Desktop/workspace/observability/install/test_sub_node/lib/pkgconfig/test_sub_node.pc'
[0.979s] Level 1:colcon.colcon_core.environment:checking '/home/shoe/Desktop/workspace/observability/install/test_sub_node/lib/python3.12/site-packages'
[0.979s] Level 1:colcon.colcon_core.environment:checking '/home/shoe/Desktop/workspace/observability/install/test_sub_node/bin'
[0.979s] INFO:colcon.colcon_core.shell:Creating package script '/home/shoe/Desktop/workspace/observability/install/test_sub_node/share/test_sub_node/package.ps1'
[0.979s] INFO:colcon.colcon_core.shell:Creating package descriptor '/home/shoe/Desktop/workspace/observability/install/test_sub_node/share/test_sub_node/package.dsv'
[0.980s] INFO:colcon.colcon_core.shell:Creating package script '/home/shoe/Desktop/workspace/observability/install/test_sub_node/share/test_sub_node/package.sh'
[0.980s] INFO:colcon.colcon_core.shell:Creating package script '/home/shoe/Desktop/workspace/observability/install/test_sub_node/share/test_sub_node/package.bash'
[0.980s] INFO:colcon.colcon_core.shell:Creating package script '/home/shoe/Desktop/workspace/observability/install/test_sub_node/share/test_sub_node/package.zsh'
[0.980s] Level 1:colcon.colcon_core.environment:create_file_with_runtime_dependencies(/home/shoe/Desktop/workspace/observability/install/test_sub_node/share/colcon-core/packages/test_sub_node)
[0.981s] DEBUG:colcon.colcon_parallel_executor.executor.parallel:closing loop
[0.981s] DEBUG:colcon.colcon_parallel_executor.executor.parallel:loop closed
[0.981s] DEBUG:colcon.colcon_parallel_executor.executor.parallel:run_until_complete finished with '0'
[0.981s] DEBUG:colcon.colcon_core.event_reactor:joining thread
[0.985s] INFO:colcon.colcon_core.plugin_system:Skipping extension 'colcon_notification.desktop_notification.terminal_notifier': Not used on non-Darwin systems
[0.985s] INFO:colcon.colcon_core.plugin_system:Skipping extension 'colcon_notification.desktop_notification.win32': Not used on non-Windows systems
[0.985s] INFO:colcon.colcon_notification.desktop_notification:Sending desktop notification using 'notify2'
[0.997s] DEBUG:colcon.colcon_core.event_reactor:joined thread
[0.997s] INFO:colcon.colcon_core.shell:Creating prefix script '/home/shoe/Desktop/workspace/observability/install/local_setup.ps1'
[0.999s] INFO:colcon.colcon_core.shell:Creating prefix util module '/home/shoe/Desktop/workspace/observability/install/_local_setup_util_ps1.py'
[0.999s] INFO:colcon.colcon_core.shell:Creating prefix chain script '/home/shoe/Desktop/workspace/observability/install/setup.ps1'
[1.000s] INFO:colcon.colcon_core.shell:Creating prefix script '/home/shoe/Desktop/workspace/observability/install/local_setup.sh'
[1.000s] INFO:colcon.colcon_core.shell:Creating prefix util module '/home/shoe/Desktop/workspace/observability/install/_local_setup_util_sh.py'
[1.001s] INFO:colcon.colcon_core.shell:Creating prefix chain script '/home/shoe/Desktop/workspace/observability/install/setup.sh'
[1.002s] INFO:colcon.colcon_core.shell:Creating prefix script '/home/shoe/Desktop/workspace/observability/install/local_setup.bash'
[1.002s] INFO:colcon.colcon_core.shell:Creating prefix chain script '/home/shoe/Desktop/workspace/observability/install/setup.bash'
[1.003s] INFO:colcon.colcon_core.shell:Creating prefix script '/home/shoe/Desktop/workspace/observability/install/local_setup.zsh'
[1.003s] INFO:colcon.colcon_core.shell:Creating prefix chain script '/home/shoe/Desktop/workspace/observability/install/setup.zsh'
