[0.007s] Invoking command in '/home/shoe/Desktop/workspace/observability/build/observability_library': CMAKE_PREFIX_PATH=${CMAKE_PREFIX_PATH}:/opt/ros/jazzy DEBUGINFOD_URLS=https://debuginfod.ubuntu.com /usr/bin/cmake --build /home/shoe/Desktop/workspace/observability/build/observability_library -- -j20 -l20
[0.059s] [100%] Built target observability_library
[0.070s] Invoked command in '/home/shoe/Desktop/workspace/observability/build/observability_library' returned '0': CMAKE_PREFIX_PATH=${CMAKE_PREFIX_PATH}:/opt/ros/jazzy DEBUGINFOD_URLS=https://debuginfod.ubuntu.com /usr/bin/cmake --build /home/shoe/Desktop/workspace/observability/build/observability_library -- -j20 -l20
[0.078s] Invoking command in '/home/shoe/Desktop/workspace/observability/build/observability_library': CMAKE_PREFIX_PATH=${CMAKE_PREFIX_PATH}:/opt/ros/jazzy DEBUGINFOD_URLS=https://debuginfod.ubuntu.com /usr/bin/cmake --install /home/shoe/Desktop/workspace/observability/build/observability_library
[0.085s] -- Install configuration: ""
[0.085s] -- Up-to-date: /home/shoe/Desktop/workspace/observability/install/observability_library/share/observability_library/environment/library_path.sh
[0.086s] -- Up-to-date: /home/shoe/Desktop/workspace/observability/install/observability_library/share/observability_library/environment/library_path.dsv
[0.086s] -- Up-to-date: /home/shoe/Desktop/workspace/observability/install/observability_library/lib/libobservability_library.a
[0.086s] -- Up-to-date: /home/shoe/Desktop/workspace/observability/install/observability_library/include
[0.086s] -- Up-to-date: /home/shoe/Desktop/workspace/observability/install/observability_library/include/observability_library
[0.086s] -- Up-to-date: /home/shoe/Desktop/workspace/observability/install/observability_library/include/observability_library/ros
[0.086s] -- Up-to-date: /home/shoe/Desktop/workspace/observability/install/observability_library/include/observability_library/ros/InstrNode.hpp
[0.086s] -- Up-to-date: /home/shoe/Desktop/workspace/observability/install/observability_library/include/observability_library/ros/InstrNodeImpl.hpp
[0.087s] -- Up-to-date: /home/shoe/Desktop/workspace/observability/install/observability_library/include/observability_library/types
[0.088s] -- Up-to-date: /home/shoe/Desktop/workspace/observability/install/observability_library/include/observability_library/types/ProcStatData.hpp
[0.088s] -- Up-to-date: /home/shoe/Desktop/workspace/observability/install/observability_library/include/observability_library/types/ProcStatMData.hpp
[0.088s] -- Up-to-date: /home/shoe/Desktop/workspace/observability/install/observability_library/include/observability_library/helpers
[0.090s] -- Up-to-date: /home/shoe/Desktop/workspace/observability/install/observability_library/include/observability_library/helpers/ProcStatReader.hpp
[0.091s] -- Up-to-date: /home/shoe/Desktop/workspace/observability/install/observability_library/include/observability_library/helpers/SubscriberStats.hpp
[0.092s] -- Up-to-date: /home/shoe/Desktop/workspace/observability/install/observability_library/include/observability_library/helpers/TimerStats.hpp
[0.093s] -- Up-to-date: /home/shoe/Desktop/workspace/observability/install/observability_library/share/ament_index/resource_index/package_run_dependencies/observability_library
[0.094s] -- Up-to-date: /home/shoe/Desktop/workspace/observability/install/observability_library/share/ament_index/resource_index/parent_prefix_path/observability_library
[0.094s] -- Up-to-date: /home/shoe/Desktop/workspace/observability/install/observability_library/share/observability_library/environment/ament_prefix_path.sh
[0.095s] -- Up-to-date: /home/shoe/Desktop/workspace/observability/install/observability_library/share/observability_library/environment/ament_prefix_path.dsv
[0.097s] -- Up-to-date: /home/shoe/Desktop/workspace/observability/install/observability_library/share/observability_library/environment/path.sh
[0.099s] -- Up-to-date: /home/shoe/Desktop/workspace/observability/install/observability_library/share/observability_library/environment/path.dsv
[0.099s] -- Up-to-date: /home/shoe/Desktop/workspace/observability/install/observability_library/share/observability_library/local_setup.bash
[0.100s] -- Up-to-date: /home/shoe/Desktop/workspace/observability/install/observability_library/share/observability_library/local_setup.sh
[0.101s] -- Up-to-date: /home/shoe/Desktop/workspace/observability/install/observability_library/share/observability_library/local_setup.zsh
[0.101s] -- Up-to-date: /home/shoe/Desktop/workspace/observability/install/observability_library/share/observability_library/local_setup.dsv
[0.101s] -- Installing: /home/shoe/Desktop/workspace/observability/install/observability_library/share/observability_library/package.dsv
[0.102s] -- Up-to-date: /home/shoe/Desktop/workspace/observability/install/observability_library/share/ament_index/resource_index/packages/observability_library
[0.103s] -- Up-to-date: /home/shoe/Desktop/workspace/observability/install/observability_library/share/observability_library/cmake/observability_libraryExport.cmake
[0.105s] -- Up-to-date: /home/shoe/Desktop/workspace/observability/install/observability_library/share/observability_library/cmake/observability_libraryExport-noconfig.cmake
[0.105s] -- Up-to-date: /home/shoe/Desktop/workspace/observability/install/observability_library/share/observability_library/cmake/ament_cmake_export_targets-extras.cmake
[0.105s] -- Up-to-date: /home/shoe/Desktop/workspace/observability/install/observability_library/share/observability_library/cmake/ament_cmake_export_include_directories-extras.cmake
[0.105s] -- Up-to-date: /home/shoe/Desktop/workspace/observability/install/observability_library/share/observability_library/cmake/ament_cmake_export_dependencies-extras.cmake
[0.106s] -- Up-to-date: /home/shoe/Desktop/workspace/observability/install/observability_library/share/observability_library/cmake/observability_libraryConfig.cmake
[0.106s] -- Up-to-date: /home/shoe/Desktop/workspace/observability/install/observability_library/share/observability_library/cmake/observability_libraryConfig-version.cmake
[0.106s] -- Up-to-date: /home/shoe/Desktop/workspace/observability/install/observability_library/share/observability_library/package.xml
[0.107s] Invoked command in '/home/shoe/Desktop/workspace/observability/build/observability_library' returned '0': CMAKE_PREFIX_PATH=${CMAKE_PREFIX_PATH}:/opt/ros/jazzy DEBUGINFOD_URLS=https://debuginfod.ubuntu.com /usr/bin/cmake --install /home/shoe/Desktop/workspace/observability/build/observability_library
